2019-03-14 08:54:02 [127.0.0.1][-][-][error][yii\base\UnknownClassException] yii\base\UnknownClassException: Unable to find 'api\Modules\v1\controllers\IndexController' in file: /Users/zhanghongbo/develop/yii2-admin/api/Modules/v1/controllers/IndexController.php. Namespace missing? in /Users/zhanghongbo/develop/yii2-admin/vendor/yiisoft/yii2/BaseYii.php:296
Stack trace:
#0 [internal function]: yii\BaseYii::autoload('api\\Modules\\v1\\...')
#1 [internal function]: spl_autoload_call('api\\Modules\\v1\\...')
#2 /Users/zhanghongbo/develop/yii2-admin/vendor/yiisoft/yii2/base/Module.php(637): class_exists('api\\Modules\\v1\\...')
#3 /Users/zhanghongbo/develop/yii2-admin/vendor/yiisoft/yii2/base/Module.php(596): yii\base\Module->createControllerByID('index')
#4 /Users/zhanghongbo/develop/yii2-admin/vendor/yiisoft/yii2/base/Module.php(588): yii\base\Module->createController('index')
#5 /Users/zhanghongbo/develop/yii2-admin/vendor/yiisoft/yii2/base/Module.php(522): yii\base\Module->createController('index/index')
#6 /Users/zhanghongbo/develop/yii2-admin/vendor/yiisoft/yii2/web/Application.php(103): yii\base\Module->runAction('v1/index/index', Array)
#7 /Users/zhanghongbo/develop/yii2-admin/vendor/yiisoft/yii2/base/Application.php(386): yii\web\Application->handleRequest(Object(yii\web\Request))
#8 /Users/zhanghongbo/develop/yii2-admin/api/web/index.php(19): yii\base\Application->run()
#9 {main}
2019-03-14 08:54:02 [127.0.0.1][-][-][info][application] $_GET = [
    'XDEBUG_SESSION_START' => '1'
]

$_POST = []

$_FILES = []

$_COOKIE = [
    'XDEBUG_SESSION' => '1'
]

$_SERVER = [
    'USER' => 'zhanghongbo'
    'HOME' => '/Users/zhanghongbo'
    'HTTP_COOKIE' => 'XDEBUG_SESSION=1'
    'HTTP_ACCEPT_LANGUAGE' => 'zh-CN,zh;q=0.9,en;q=0.8,la;q=0.7'
    'HTTP_ACCEPT_ENCODING' => 'gzip, deflate'
    'HTTP_ACCEPT' => 'text/html,application/xhtml+xml,application/xml;q=0.9,image/webp,image/apng,*/*;q=0.8'
    'HTTP_USER_AGENT' => 'Mozilla/5.0 (Macintosh; Intel Mac OS X 10_13_1) AppleWebKit/537.36 (KHTML, like Gecko) Chrome/72.0.3626.121 Safari/537.36'
    'HTTP_UPGRADE_INSECURE_REQUESTS' => '1'
    'HTTP_CACHE_CONTROL' => 'max-age=0'
    'HTTP_CONNECTION' => 'keep-alive'
    'HTTP_HOST' => 'yii2api.local.alwooo.com'
    'SCRIPT_FILENAME' => '/Users/zhanghongbo/develop/yii2-admin/api/web/index.php'
    'REDIRECT_STATUS' => '200'
    'SERVER_NAME' => 'yii2api.local.alwooo.com'
    'SERVER_PORT' => '80'
    'SERVER_ADDR' => '127.0.0.1'
    'REMOTE_PORT' => '59614'
    'REMOTE_ADDR' => '127.0.0.1'
    'SERVER_SOFTWARE' => 'nginx/1.14.0'
    'GATEWAY_INTERFACE' => 'CGI/1.1'
    'REQUEST_SCHEME' => 'http'
    'SERVER_PROTOCOL' => 'HTTP/1.1'
    'DOCUMENT_ROOT' => '/Users/zhanghongbo/develop/yii2-admin/api/web'
    'DOCUMENT_URI' => '/index.php'
    'REQUEST_URI' => '/v1/index/index?XDEBUG_SESSION_START=1'
    'SCRIPT_NAME' => '/index.php'
    'CONTENT_LENGTH' => ''
    'CONTENT_TYPE' => ''
    'REQUEST_METHOD' => 'GET'
    'QUERY_STRING' => 'XDEBUG_SESSION_START=1'
    'FCGI_ROLE' => 'RESPONDER'
    'PHP_SELF' => '/index.php'
    'REQUEST_TIME_FLOAT' => 1552524842.8653
    'REQUEST_TIME' => 1552524842
]
2019-03-14 08:54:39 [127.0.0.1][-][-][error][yii\base\InvalidConfigException] yii\base\InvalidConfigException: The "modelClass" property must be set. in /Users/zhanghongbo/develop/yii2-admin/vendor/yiisoft/yii2/rest/ActiveController.php:65
Stack trace:
#0 /Users/zhanghongbo/develop/yii2-admin/vendor/yiisoft/yii2/base/BaseObject.php(109): yii\rest\ActiveController->init()
#1 /Users/zhanghongbo/develop/yii2-admin/vendor/yiisoft/yii2/base/Controller.php(86): yii\base\BaseObject->__construct(Array)
#2 [internal function]: yii\base\Controller->__construct('index', Object(api\Modules\v1\Module), Array)
#3 /Users/zhanghongbo/develop/yii2-admin/vendor/yiisoft/yii2/di/Container.php(376): ReflectionClass->newInstanceArgs(Array)
#4 /Users/zhanghongbo/develop/yii2-admin/vendor/yiisoft/yii2/di/Container.php(156): yii\di\Container->build('api\\Modules\\v1\\...', Array, Array)
#5 /Users/zhanghongbo/develop/yii2-admin/vendor/yiisoft/yii2/BaseYii.php(345): yii\di\Container->get('api\\Modules\\v1\\...', Array)
#6 /Users/zhanghongbo/develop/yii2-admin/vendor/yiisoft/yii2/base/Module.php(642): yii\BaseYii::createObject('api\\Modules\\v1\\...', Array)
#7 /Users/zhanghongbo/develop/yii2-admin/vendor/yiisoft/yii2/base/Module.php(596): yii\base\Module->createControllerByID('index')
#8 /Users/zhanghongbo/develop/yii2-admin/vendor/yiisoft/yii2/base/Module.php(588): yii\base\Module->createController('index')
#9 /Users/zhanghongbo/develop/yii2-admin/vendor/yiisoft/yii2/base/Module.php(522): yii\base\Module->createController('index/index')
#10 /Users/zhanghongbo/develop/yii2-admin/vendor/yiisoft/yii2/web/Application.php(103): yii\base\Module->runAction('v1/index/index', Array)
#11 /Users/zhanghongbo/develop/yii2-admin/vendor/yiisoft/yii2/base/Application.php(386): yii\web\Application->handleRequest(Object(yii\web\Request))
#12 /Users/zhanghongbo/develop/yii2-admin/api/web/index.php(19): yii\base\Application->run()
#13 {main}
2019-03-14 08:54:39 [127.0.0.1][-][-][info][application] $_GET = [
    'XDEBUG_SESSION_START' => '1'
]

$_POST = []

$_FILES = []

$_COOKIE = [
    'XDEBUG_SESSION' => '1'
]

$_SERVER = [
    'USER' => 'zhanghongbo'
    'HOME' => '/Users/zhanghongbo'
    'HTTP_COOKIE' => 'XDEBUG_SESSION=1'
    'HTTP_ACCEPT_LANGUAGE' => 'zh-CN,zh;q=0.9,en;q=0.8,la;q=0.7'
    'HTTP_ACCEPT_ENCODING' => 'gzip, deflate'
    'HTTP_ACCEPT' => 'text/html,application/xhtml+xml,application/xml;q=0.9,image/webp,image/apng,*/*;q=0.8'
    'HTTP_USER_AGENT' => 'Mozilla/5.0 (Macintosh; Intel Mac OS X 10_13_1) AppleWebKit/537.36 (KHTML, like Gecko) Chrome/72.0.3626.121 Safari/537.36'
    'HTTP_UPGRADE_INSECURE_REQUESTS' => '1'
    'HTTP_CACHE_CONTROL' => 'max-age=0'
    'HTTP_CONNECTION' => 'keep-alive'
    'HTTP_HOST' => 'yii2api.local.alwooo.com'
    'SCRIPT_FILENAME' => '/Users/zhanghongbo/develop/yii2-admin/api/web/index.php'
    'REDIRECT_STATUS' => '200'
    'SERVER_NAME' => 'yii2api.local.alwooo.com'
    'SERVER_PORT' => '80'
    'SERVER_ADDR' => '127.0.0.1'
    'REMOTE_PORT' => '59614'
    'REMOTE_ADDR' => '127.0.0.1'
    'SERVER_SOFTWARE' => 'nginx/1.14.0'
    'GATEWAY_INTERFACE' => 'CGI/1.1'
    'REQUEST_SCHEME' => 'http'
    'SERVER_PROTOCOL' => 'HTTP/1.1'
    'DOCUMENT_ROOT' => '/Users/zhanghongbo/develop/yii2-admin/api/web'
    'DOCUMENT_URI' => '/index.php'
    'REQUEST_URI' => '/v1/index/index?XDEBUG_SESSION_START=1'
    'SCRIPT_NAME' => '/index.php'
    'CONTENT_LENGTH' => ''
    'CONTENT_TYPE' => ''
    'REQUEST_METHOD' => 'GET'
    'QUERY_STRING' => 'XDEBUG_SESSION_START=1'
    'FCGI_ROLE' => 'RESPONDER'
    'PHP_SELF' => '/index.php'
    'REQUEST_TIME_FLOAT' => 1552524879.446
    'REQUEST_TIME' => 1552524879
]
2019-03-14 08:55:47 [127.0.0.1][-][-][error][yii\base\InvalidConfigException] yii\base\InvalidConfigException: The "modelClass" property must be set. in /Users/zhanghongbo/develop/yii2-admin/vendor/yiisoft/yii2/rest/ActiveController.php:65
Stack trace:
#0 /Users/zhanghongbo/develop/yii2-admin/vendor/yiisoft/yii2/base/BaseObject.php(109): yii\rest\ActiveController->init()
#1 /Users/zhanghongbo/develop/yii2-admin/vendor/yiisoft/yii2/base/Controller.php(86): yii\base\BaseObject->__construct(Array)
#2 [internal function]: yii\base\Controller->__construct('index', Object(api\Modules\v1\Module), Array)
#3 /Users/zhanghongbo/develop/yii2-admin/vendor/yiisoft/yii2/di/Container.php(376): ReflectionClass->newInstanceArgs(Array)
#4 /Users/zhanghongbo/develop/yii2-admin/vendor/yiisoft/yii2/di/Container.php(156): yii\di\Container->build('api\\Modules\\v1\\...', Array, Array)
#5 /Users/zhanghongbo/develop/yii2-admin/vendor/yiisoft/yii2/BaseYii.php(345): yii\di\Container->get('api\\Modules\\v1\\...', Array)
#6 /Users/zhanghongbo/develop/yii2-admin/vendor/yiisoft/yii2/base/Module.php(642): yii\BaseYii::createObject('api\\Modules\\v1\\...', Array)
#7 /Users/zhanghongbo/develop/yii2-admin/vendor/yiisoft/yii2/base/Module.php(596): yii\base\Module->createControllerByID('index')
#8 /Users/zhanghongbo/develop/yii2-admin/vendor/yiisoft/yii2/base/Module.php(588): yii\base\Module->createController('index')
#9 /Users/zhanghongbo/develop/yii2-admin/vendor/yiisoft/yii2/base/Module.php(522): yii\base\Module->createController('index/index')
#10 /Users/zhanghongbo/develop/yii2-admin/vendor/yiisoft/yii2/web/Application.php(103): yii\base\Module->runAction('v1/index/index', Array)
#11 /Users/zhanghongbo/develop/yii2-admin/vendor/yiisoft/yii2/base/Application.php(386): yii\web\Application->handleRequest(Object(yii\web\Request))
#12 /Users/zhanghongbo/develop/yii2-admin/api/web/index.php(19): yii\base\Application->run()
#13 {main}
2019-03-14 08:55:47 [127.0.0.1][-][-][info][application] $_GET = [
    'XDEBUG_SESSION_START' => '1'
]

$_POST = []

$_FILES = []

$_COOKIE = [
    'XDEBUG_SESSION' => '1'
]

$_SERVER = [
    'USER' => 'zhanghongbo'
    'HOME' => '/Users/zhanghongbo'
    'HTTP_COOKIE' => 'XDEBUG_SESSION=1'
    'HTTP_ACCEPT_LANGUAGE' => 'zh-CN,zh;q=0.9,en;q=0.8,la;q=0.7'
    'HTTP_ACCEPT_ENCODING' => 'gzip, deflate'
    'HTTP_ACCEPT' => 'text/html,application/xhtml+xml,application/xml;q=0.9,image/webp,image/apng,*/*;q=0.8'
    'HTTP_USER_AGENT' => 'Mozilla/5.0 (Macintosh; Intel Mac OS X 10_13_1) AppleWebKit/537.36 (KHTML, like Gecko) Chrome/72.0.3626.121 Safari/537.36'
    'HTTP_UPGRADE_INSECURE_REQUESTS' => '1'
    'HTTP_CACHE_CONTROL' => 'max-age=0'
    'HTTP_CONNECTION' => 'keep-alive'
    'HTTP_HOST' => 'yii2api.local.alwooo.com'
    'SCRIPT_FILENAME' => '/Users/zhanghongbo/develop/yii2-admin/api/web/index.php'
    'REDIRECT_STATUS' => '200'
    'SERVER_NAME' => 'yii2api.local.alwooo.com'
    'SERVER_PORT' => '80'
    'SERVER_ADDR' => '127.0.0.1'
    'REMOTE_PORT' => '59614'
    'REMOTE_ADDR' => '127.0.0.1'
    'SERVER_SOFTWARE' => 'nginx/1.14.0'
    'GATEWAY_INTERFACE' => 'CGI/1.1'
    'REQUEST_SCHEME' => 'http'
    'SERVER_PROTOCOL' => 'HTTP/1.1'
    'DOCUMENT_ROOT' => '/Users/zhanghongbo/develop/yii2-admin/api/web'
    'DOCUMENT_URI' => '/index.php'
    'REQUEST_URI' => '/v1/index/index?XDEBUG_SESSION_START=1'
    'SCRIPT_NAME' => '/index.php'
    'CONTENT_LENGTH' => ''
    'CONTENT_TYPE' => ''
    'REQUEST_METHOD' => 'GET'
    'QUERY_STRING' => 'XDEBUG_SESSION_START=1'
    'FCGI_ROLE' => 'RESPONDER'
    'PHP_SELF' => '/index.php'
    'REQUEST_TIME_FLOAT' => 1552524947.1666
    'REQUEST_TIME' => 1552524947
]
2019-03-14 08:58:30 [127.0.0.1][-][-][error][yii\base\InvalidConfigException] yii\base\InvalidConfigException: The "modelClass" property must be set. in /Users/zhanghongbo/develop/yii2-admin/vendor/yiisoft/yii2/rest/ActiveController.php:65
Stack trace:
#0 /Users/zhanghongbo/develop/yii2-admin/api/common/controllers/BaseController.php(22): yii\rest\ActiveController->init()
#1 /Users/zhanghongbo/develop/yii2-admin/vendor/yiisoft/yii2/base/BaseObject.php(109): api\common\controllers\BaseController->init()
#2 /Users/zhanghongbo/develop/yii2-admin/vendor/yiisoft/yii2/base/Controller.php(86): yii\base\BaseObject->__construct(Array)
#3 [internal function]: yii\base\Controller->__construct('index', Object(api\Modules\v1\Module), Array)
#4 /Users/zhanghongbo/develop/yii2-admin/vendor/yiisoft/yii2/di/Container.php(376): ReflectionClass->newInstanceArgs(Array)
#5 /Users/zhanghongbo/develop/yii2-admin/vendor/yiisoft/yii2/di/Container.php(156): yii\di\Container->build('api\\Modules\\v1\\...', Array, Array)
#6 /Users/zhanghongbo/develop/yii2-admin/vendor/yiisoft/yii2/BaseYii.php(345): yii\di\Container->get('api\\Modules\\v1\\...', Array)
#7 /Users/zhanghongbo/develop/yii2-admin/vendor/yiisoft/yii2/base/Module.php(642): yii\BaseYii::createObject('api\\Modules\\v1\\...', Array)
#8 /Users/zhanghongbo/develop/yii2-admin/vendor/yiisoft/yii2/base/Module.php(596): yii\base\Module->createControllerByID('index')
#9 /Users/zhanghongbo/develop/yii2-admin/vendor/yiisoft/yii2/base/Module.php(588): yii\base\Module->createController('index')
#10 /Users/zhanghongbo/develop/yii2-admin/vendor/yiisoft/yii2/base/Module.php(522): yii\base\Module->createController('index/index')
#11 /Users/zhanghongbo/develop/yii2-admin/vendor/yiisoft/yii2/web/Application.php(103): yii\base\Module->runAction('v1/index/index', Array)
#12 /Users/zhanghongbo/develop/yii2-admin/vendor/yiisoft/yii2/base/Application.php(386): yii\web\Application->handleRequest(Object(yii\web\Request))
#13 /Users/zhanghongbo/develop/yii2-admin/api/web/index.php(19): yii\base\Application->run()
#14 {main}
2019-03-14 08:58:30 [127.0.0.1][-][-][info][application] $_GET = [
    'XDEBUG_SESSION_START' => '1'
]

$_POST = []

$_FILES = []

$_COOKIE = [
    'XDEBUG_SESSION' => '1'
]

$_SERVER = [
    'USER' => 'zhanghongbo'
    'HOME' => '/Users/zhanghongbo'
    'HTTP_COOKIE' => 'XDEBUG_SESSION=1'
    'HTTP_ACCEPT_LANGUAGE' => 'zh-CN,zh;q=0.9,en;q=0.8,la;q=0.7'
    'HTTP_ACCEPT_ENCODING' => 'gzip, deflate'
    'HTTP_ACCEPT' => 'text/html,application/xhtml+xml,application/xml;q=0.9,image/webp,image/apng,*/*;q=0.8'
    'HTTP_USER_AGENT' => 'Mozilla/5.0 (Macintosh; Intel Mac OS X 10_13_1) AppleWebKit/537.36 (KHTML, like Gecko) Chrome/72.0.3626.121 Safari/537.36'
    'HTTP_UPGRADE_INSECURE_REQUESTS' => '1'
    'HTTP_CACHE_CONTROL' => 'max-age=0'
    'HTTP_CONNECTION' => 'keep-alive'
    'HTTP_HOST' => 'yii2api.local.alwooo.com'
    'SCRIPT_FILENAME' => '/Users/zhanghongbo/develop/yii2-admin/api/web/index.php'
    'REDIRECT_STATUS' => '200'
    'SERVER_NAME' => 'yii2api.local.alwooo.com'
    'SERVER_PORT' => '80'
    'SERVER_ADDR' => '127.0.0.1'
    'REMOTE_PORT' => '60753'
    'REMOTE_ADDR' => '127.0.0.1'
    'SERVER_SOFTWARE' => 'nginx/1.14.0'
    'GATEWAY_INTERFACE' => 'CGI/1.1'
    'REQUEST_SCHEME' => 'http'
    'SERVER_PROTOCOL' => 'HTTP/1.1'
    'DOCUMENT_ROOT' => '/Users/zhanghongbo/develop/yii2-admin/api/web'
    'DOCUMENT_URI' => '/index.php'
    'REQUEST_URI' => '/v1/index/index?XDEBUG_SESSION_START=1'
    'SCRIPT_NAME' => '/index.php'
    'CONTENT_LENGTH' => ''
    'CONTENT_TYPE' => ''
    'REQUEST_METHOD' => 'GET'
    'QUERY_STRING' => 'XDEBUG_SESSION_START=1'
    'FCGI_ROLE' => 'RESPONDER'
    'PHP_SELF' => '/index.php'
    'REQUEST_TIME_FLOAT' => 1552525110.2406
    'REQUEST_TIME' => 1552525110
]
2019-03-14 08:58:32 [127.0.0.1][-][-][error][yii\base\InvalidConfigException] yii\base\InvalidConfigException: The "modelClass" property must be set. in /Users/zhanghongbo/develop/yii2-admin/vendor/yiisoft/yii2/rest/ActiveController.php:65
Stack trace:
#0 /Users/zhanghongbo/develop/yii2-admin/api/common/controllers/BaseController.php(22): yii\rest\ActiveController->init()
#1 /Users/zhanghongbo/develop/yii2-admin/vendor/yiisoft/yii2/base/BaseObject.php(109): api\common\controllers\BaseController->init()
#2 /Users/zhanghongbo/develop/yii2-admin/vendor/yiisoft/yii2/base/Controller.php(86): yii\base\BaseObject->__construct(Array)
#3 [internal function]: yii\base\Controller->__construct('index', Object(api\Modules\v1\Module), Array)
#4 /Users/zhanghongbo/develop/yii2-admin/vendor/yiisoft/yii2/di/Container.php(376): ReflectionClass->newInstanceArgs(Array)
#5 /Users/zhanghongbo/develop/yii2-admin/vendor/yiisoft/yii2/di/Container.php(156): yii\di\Container->build('api\\Modules\\v1\\...', Array, Array)
#6 /Users/zhanghongbo/develop/yii2-admin/vendor/yiisoft/yii2/BaseYii.php(345): yii\di\Container->get('api\\Modules\\v1\\...', Array)
#7 /Users/zhanghongbo/develop/yii2-admin/vendor/yiisoft/yii2/base/Module.php(642): yii\BaseYii::createObject('api\\Modules\\v1\\...', Array)
#8 /Users/zhanghongbo/develop/yii2-admin/vendor/yiisoft/yii2/base/Module.php(596): yii\base\Module->createControllerByID('index')
#9 /Users/zhanghongbo/develop/yii2-admin/vendor/yiisoft/yii2/base/Module.php(588): yii\base\Module->createController('index')
#10 /Users/zhanghongbo/develop/yii2-admin/vendor/yiisoft/yii2/base/Module.php(522): yii\base\Module->createController('index/index')
#11 /Users/zhanghongbo/develop/yii2-admin/vendor/yiisoft/yii2/web/Application.php(103): yii\base\Module->runAction('v1/index/index', Array)
#12 /Users/zhanghongbo/develop/yii2-admin/vendor/yiisoft/yii2/base/Application.php(386): yii\web\Application->handleRequest(Object(yii\web\Request))
#13 /Users/zhanghongbo/develop/yii2-admin/api/web/index.php(19): yii\base\Application->run()
#14 {main}
2019-03-14 08:58:32 [127.0.0.1][-][-][info][application] $_GET = [
    'XDEBUG_SESSION_START' => '1'
]

$_POST = []

$_FILES = []

$_COOKIE = [
    'XDEBUG_SESSION' => '1'
]

$_SERVER = [
    'USER' => 'zhanghongbo'
    'HOME' => '/Users/zhanghongbo'
    'HTTP_COOKIE' => 'XDEBUG_SESSION=1'
    'HTTP_ACCEPT_LANGUAGE' => 'zh-CN,zh;q=0.9,en;q=0.8,la;q=0.7'
    'HTTP_ACCEPT_ENCODING' => 'gzip, deflate'
    'HTTP_ACCEPT' => 'text/html,application/xhtml+xml,application/xml;q=0.9,image/webp,image/apng,*/*;q=0.8'
    'HTTP_USER_AGENT' => 'Mozilla/5.0 (Macintosh; Intel Mac OS X 10_13_1) AppleWebKit/537.36 (KHTML, like Gecko) Chrome/72.0.3626.121 Safari/537.36'
    'HTTP_UPGRADE_INSECURE_REQUESTS' => '1'
    'HTTP_CACHE_CONTROL' => 'max-age=0'
    'HTTP_CONNECTION' => 'keep-alive'
    'HTTP_HOST' => 'yii2api.local.alwooo.com'
    'SCRIPT_FILENAME' => '/Users/zhanghongbo/develop/yii2-admin/api/web/index.php'
    'REDIRECT_STATUS' => '200'
    'SERVER_NAME' => 'yii2api.local.alwooo.com'
    'SERVER_PORT' => '80'
    'SERVER_ADDR' => '127.0.0.1'
    'REMOTE_PORT' => '60753'
    'REMOTE_ADDR' => '127.0.0.1'
    'SERVER_SOFTWARE' => 'nginx/1.14.0'
    'GATEWAY_INTERFACE' => 'CGI/1.1'
    'REQUEST_SCHEME' => 'http'
    'SERVER_PROTOCOL' => 'HTTP/1.1'
    'DOCUMENT_ROOT' => '/Users/zhanghongbo/develop/yii2-admin/api/web'
    'DOCUMENT_URI' => '/index.php'
    'REQUEST_URI' => '/v1/index/index?XDEBUG_SESSION_START=1'
    'SCRIPT_NAME' => '/index.php'
    'CONTENT_LENGTH' => ''
    'CONTENT_TYPE' => ''
    'REQUEST_METHOD' => 'GET'
    'QUERY_STRING' => 'XDEBUG_SESSION_START=1'
    'FCGI_ROLE' => 'RESPONDER'
    'PHP_SELF' => '/index.php'
    'REQUEST_TIME_FLOAT' => 1552525112.2646
    'REQUEST_TIME' => 1552525112
]
2019-03-14 09:01:13 [127.0.0.1][-][-][error][yii\web\HttpException:401] yii\web\UnauthorizedHttpException: Your request was made with invalid credentials. in /Users/zhanghongbo/develop/yii2-admin/vendor/yiisoft/yii2/filters/auth/AuthMethod.php:93
Stack trace:
#0 /Users/zhanghongbo/develop/yii2-admin/vendor/yiisoft/yii2/filters/auth/AuthMethod.php(76): yii\filters\auth\AuthMethod->handleFailure(Object(yii\web\Response))
#1 /Users/zhanghongbo/develop/yii2-admin/vendor/yiisoft/yii2/filters/auth/CompositeAuth.php(57): yii\filters\auth\AuthMethod->beforeAction(Object(yii\base\InlineAction))
#2 /Users/zhanghongbo/develop/yii2-admin/vendor/yiisoft/yii2/base/ActionFilter.php(77): yii\filters\auth\CompositeAuth->beforeAction(Object(yii\base\InlineAction))
#3 [internal function]: yii\base\ActionFilter->beforeFilter(Object(yii\base\ActionEvent))
#4 /Users/zhanghongbo/develop/yii2-admin/vendor/yiisoft/yii2/base/Component.php(627): call_user_func(Array, Object(yii\base\ActionEvent))
#5 /Users/zhanghongbo/develop/yii2-admin/vendor/yiisoft/yii2/base/Controller.php(274): yii\base\Component->trigger('beforeAction', Object(yii\base\ActionEvent))
#6 /Users/zhanghongbo/develop/yii2-admin/vendor/yiisoft/yii2/web/Controller.php(164): yii\base\Controller->beforeAction(Object(yii\base\InlineAction))
#7 /Users/zhanghongbo/develop/yii2-admin/vendor/yiisoft/yii2/base/Controller.php(155): yii\web\Controller->beforeAction(Object(yii\base\InlineAction))
#8 /Users/zhanghongbo/develop/yii2-admin/vendor/yiisoft/yii2/base/Module.php(528): yii\base\Controller->runAction('index', Array)
#9 /Users/zhanghongbo/develop/yii2-admin/vendor/yiisoft/yii2/web/Application.php(103): yii\base\Module->runAction('v1/index/index', Array)
#10 /Users/zhanghongbo/develop/yii2-admin/vendor/yiisoft/yii2/base/Application.php(386): yii\web\Application->handleRequest(Object(yii\web\Request))
#11 /Users/zhanghongbo/develop/yii2-admin/api/web/index.php(19): yii\base\Application->run()
#12 {main}
2019-03-14 09:01:13 [127.0.0.1][-][-][info][application] $_GET = [
    'XDEBUG_SESSION_START' => '1'
]

$_POST = []

$_FILES = []

$_COOKIE = [
    'XDEBUG_SESSION' => '1'
]

$_SERVER = [
    'USER' => 'zhanghongbo'
    'HOME' => '/Users/zhanghongbo'
    'HTTP_COOKIE' => 'XDEBUG_SESSION=1'
    'HTTP_ACCEPT_LANGUAGE' => 'zh-CN,zh;q=0.9,en;q=0.8,la;q=0.7'
    'HTTP_ACCEPT_ENCODING' => 'gzip, deflate'
    'HTTP_ACCEPT' => 'text/html,application/xhtml+xml,application/xml;q=0.9,image/webp,image/apng,*/*;q=0.8'
    'HTTP_USER_AGENT' => 'Mozilla/5.0 (Macintosh; Intel Mac OS X 10_13_1) AppleWebKit/537.36 (KHTML, like Gecko) Chrome/72.0.3626.121 Safari/537.36'
    'HTTP_UPGRADE_INSECURE_REQUESTS' => '1'
    'HTTP_CACHE_CONTROL' => 'max-age=0'
    'HTTP_CONNECTION' => 'keep-alive'
    'HTTP_HOST' => 'yii2api.local.alwooo.com'
    'SCRIPT_FILENAME' => '/Users/zhanghongbo/develop/yii2-admin/api/web/index.php'
    'REDIRECT_STATUS' => '200'
    'SERVER_NAME' => 'yii2api.local.alwooo.com'
    'SERVER_PORT' => '80'
    'SERVER_ADDR' => '127.0.0.1'
    'REMOTE_PORT' => '61670'
    'REMOTE_ADDR' => '127.0.0.1'
    'SERVER_SOFTWARE' => 'nginx/1.14.0'
    'GATEWAY_INTERFACE' => 'CGI/1.1'
    'REQUEST_SCHEME' => 'http'
    'SERVER_PROTOCOL' => 'HTTP/1.1'
    'DOCUMENT_ROOT' => '/Users/zhanghongbo/develop/yii2-admin/api/web'
    'DOCUMENT_URI' => '/index.php'
    'REQUEST_URI' => '/v1/index/index?XDEBUG_SESSION_START=1'
    'SCRIPT_NAME' => '/index.php'
    'CONTENT_LENGTH' => ''
    'CONTENT_TYPE' => ''
    'REQUEST_METHOD' => 'GET'
    'QUERY_STRING' => 'XDEBUG_SESSION_START=1'
    'FCGI_ROLE' => 'RESPONDER'
    'PHP_SELF' => '/index.php'
    'REQUEST_TIME_FLOAT' => 1552525272.9143
    'REQUEST_TIME' => 1552525272
]
2019-03-14 09:01:23 [127.0.0.1][-][-][error][yii\base\UnknownClassException] yii\base\UnknownClassException: Unable to find 'api\common\models\User' in file: /Users/zhanghongbo/develop/yii2-admin/api/common/models/User.php. Namespace missing? in /Users/zhanghongbo/develop/yii2-admin/vendor/yiisoft/yii2/BaseYii.php:296
Stack trace:
#0 [internal function]: yii\BaseYii::autoload('api\\common\\mode...')
#1 /Users/zhanghongbo/develop/yii2-admin/vendor/yiisoft/yii2/web/User.php(298): spl_autoload_call('api\\common\\mode...')
#2 /Users/zhanghongbo/develop/yii2-admin/vendor/yiisoft/yii2/filters/auth/HttpHeaderAuth.php(62): yii\web\User->loginByAccessToken('02818451399b5cd...', 'yii\\filters\\aut...')
#3 /Users/zhanghongbo/develop/yii2-admin/vendor/yiisoft/yii2/filters/auth/CompositeAuth.php(73): yii\filters\auth\HttpHeaderAuth->authenticate(Object(yii\web\User), Object(yii\web\Request), Object(yii\web\Response))
#4 /Users/zhanghongbo/develop/yii2-admin/vendor/yiisoft/yii2/filters/auth/AuthMethod.php(61): yii\filters\auth\CompositeAuth->authenticate(Object(yii\web\User), Object(yii\web\Request), Object(yii\web\Response))
#5 /Users/zhanghongbo/develop/yii2-admin/vendor/yiisoft/yii2/filters/auth/CompositeAuth.php(57): yii\filters\auth\AuthMethod->beforeAction(Object(yii\base\InlineAction))
#6 /Users/zhanghongbo/develop/yii2-admin/vendor/yiisoft/yii2/base/ActionFilter.php(77): yii\filters\auth\CompositeAuth->beforeAction(Object(yii\base\InlineAction))
#7 [internal function]: yii\base\ActionFilter->beforeFilter(Object(yii\base\ActionEvent))
#8 /Users/zhanghongbo/develop/yii2-admin/vendor/yiisoft/yii2/base/Component.php(627): call_user_func(Array, Object(yii\base\ActionEvent))
#9 /Users/zhanghongbo/develop/yii2-admin/vendor/yiisoft/yii2/base/Controller.php(274): yii\base\Component->trigger('beforeAction', Object(yii\base\ActionEvent))
#10 /Users/zhanghongbo/develop/yii2-admin/vendor/yiisoft/yii2/web/Controller.php(164): yii\base\Controller->beforeAction(Object(yii\base\InlineAction))
#11 /Users/zhanghongbo/develop/yii2-admin/vendor/yiisoft/yii2/base/Controller.php(155): yii\web\Controller->beforeAction(Object(yii\base\InlineAction))
#12 /Users/zhanghongbo/develop/yii2-admin/vendor/yiisoft/yii2/base/Module.php(528): yii\base\Controller->runAction('index', Array)
#13 /Users/zhanghongbo/develop/yii2-admin/vendor/yiisoft/yii2/web/Application.php(103): yii\base\Module->runAction('v1/index/index', Array)
#14 /Users/zhanghongbo/develop/yii2-admin/vendor/yiisoft/yii2/base/Application.php(386): yii\web\Application->handleRequest(Object(yii\web\Request))
#15 /Users/zhanghongbo/develop/yii2-admin/api/web/index.php(19): yii\base\Application->run()
#16 {main}
2019-03-14 09:01:23 [127.0.0.1][-][-][info][application] $_GET = [
    'XDEBUG_SESSION_START' => '1'
]

$_POST = []

$_FILES = []

$_COOKIE = []

$_SERVER = [
    'USER' => 'zhanghongbo'
    'HOME' => '/Users/zhanghongbo'
    'HTTP_CONNECTION' => 'keep-alive'
    'HTTP_ACCEPT_ENCODING' => 'gzip, deflate'
    'HTTP_HOST' => 'yii2api.local.alwooo.com'
    'HTTP_ACCEPT' => '*/*'
    'HTTP_USER_AGENT' => 'PostmanRuntime/7.4.0'
    'HTTP_AUTHORIZATION' => '***'
    'HTTP_POSTMAN_TOKEN' => '9d4b2a27-4a19-46c6-9f90-455fd7413168'
    'HTTP_CACHE_CONTROL' => 'no-cache'
    'SCRIPT_FILENAME' => '/Users/zhanghongbo/develop/yii2-admin/api/web/index.php'
    'REDIRECT_STATUS' => '200'
    'SERVER_NAME' => 'yii2api.local.alwooo.com'
    'SERVER_PORT' => '80'
    'SERVER_ADDR' => '127.0.0.1'
    'REMOTE_PORT' => '61737'
    'REMOTE_ADDR' => '127.0.0.1'
    'SERVER_SOFTWARE' => 'nginx/1.14.0'
    'GATEWAY_INTERFACE' => 'CGI/1.1'
    'REQUEST_SCHEME' => 'http'
    'SERVER_PROTOCOL' => 'HTTP/1.1'
    'DOCUMENT_ROOT' => '/Users/zhanghongbo/develop/yii2-admin/api/web'
    'DOCUMENT_URI' => '/index.php'
    'REQUEST_URI' => '/v1/index/index?XDEBUG_SESSION_START=1'
    'SCRIPT_NAME' => '/index.php'
    'CONTENT_LENGTH' => ''
    'CONTENT_TYPE' => ''
    'REQUEST_METHOD' => 'GET'
    'QUERY_STRING' => 'XDEBUG_SESSION_START=1'
    'FCGI_ROLE' => 'RESPONDER'
    'PHP_SELF' => '/index.php'
    'REQUEST_TIME_FLOAT' => 1552525283.0511
    'REQUEST_TIME' => 1552525283
]
2019-03-14 09:09:18 [127.0.0.1][-][-][error][yii\base\UnknownClassException] yii\base\UnknownClassException: Unable to find 'api\common\models\User' in file: /Users/zhanghongbo/develop/yii2-admin/api/common/models/User.php. Namespace missing? in /Users/zhanghongbo/develop/yii2-admin/vendor/yiisoft/yii2/BaseYii.php:296
Stack trace:
#0 [internal function]: yii\BaseYii::autoload('api\\common\\mode...')
#1 /Users/zhanghongbo/develop/yii2-admin/vendor/yiisoft/yii2/web/User.php(298): spl_autoload_call('api\\common\\mode...')
#2 /Users/zhanghongbo/develop/yii2-admin/vendor/yiisoft/yii2/filters/auth/HttpHeaderAuth.php(62): yii\web\User->loginByAccessToken('02818451399b5cd...', 'yii\\filters\\aut...')
#3 /Users/zhanghongbo/develop/yii2-admin/vendor/yiisoft/yii2/filters/auth/CompositeAuth.php(73): yii\filters\auth\HttpHeaderAuth->authenticate(Object(yii\web\User), Object(yii\web\Request), Object(yii\web\Response))
#4 /Users/zhanghongbo/develop/yii2-admin/vendor/yiisoft/yii2/filters/auth/AuthMethod.php(61): yii\filters\auth\CompositeAuth->authenticate(Object(yii\web\User), Object(yii\web\Request), Object(yii\web\Response))
#5 /Users/zhanghongbo/develop/yii2-admin/vendor/yiisoft/yii2/filters/auth/CompositeAuth.php(57): yii\filters\auth\AuthMethod->beforeAction(Object(yii\base\InlineAction))
#6 /Users/zhanghongbo/develop/yii2-admin/vendor/yiisoft/yii2/base/ActionFilter.php(77): yii\filters\auth\CompositeAuth->beforeAction(Object(yii\base\InlineAction))
#7 [internal function]: yii\base\ActionFilter->beforeFilter(Object(yii\base\ActionEvent))
#8 /Users/zhanghongbo/develop/yii2-admin/vendor/yiisoft/yii2/base/Component.php(627): call_user_func(Array, Object(yii\base\ActionEvent))
#9 /Users/zhanghongbo/develop/yii2-admin/vendor/yiisoft/yii2/base/Controller.php(274): yii\base\Component->trigger('beforeAction', Object(yii\base\ActionEvent))
#10 /Users/zhanghongbo/develop/yii2-admin/vendor/yiisoft/yii2/web/Controller.php(164): yii\base\Controller->beforeAction(Object(yii\base\InlineAction))
#11 /Users/zhanghongbo/develop/yii2-admin/vendor/yiisoft/yii2/base/Controller.php(155): yii\web\Controller->beforeAction(Object(yii\base\InlineAction))
#12 /Users/zhanghongbo/develop/yii2-admin/vendor/yiisoft/yii2/base/Module.php(528): yii\base\Controller->runAction('index', Array)
#13 /Users/zhanghongbo/develop/yii2-admin/vendor/yiisoft/yii2/web/Application.php(103): yii\base\Module->runAction('v1/index/index', Array)
#14 /Users/zhanghongbo/develop/yii2-admin/vendor/yiisoft/yii2/base/Application.php(386): yii\web\Application->handleRequest(Object(yii\web\Request))
#15 /Users/zhanghongbo/develop/yii2-admin/api/web/index.php(19): yii\base\Application->run()
#16 {main}
2019-03-14 09:09:18 [127.0.0.1][-][-][info][application] $_GET = [
    'XDEBUG_SESSION_START' => '1'
]

$_POST = []

$_FILES = []

$_COOKIE = [
    'XDEBUG_SESSION' => '1'
]

$_SERVER = [
    'USER' => 'zhanghongbo'
    'HOME' => '/Users/zhanghongbo'
    'HTTP_CONNECTION' => 'keep-alive'
    'HTTP_ACCEPT_ENCODING' => 'gzip, deflate'
    'HTTP_COOKIE' => 'XDEBUG_SESSION=1'
    'HTTP_HOST' => 'yii2api.local.alwooo.com'
    'HTTP_ACCEPT' => '*/*'
    'HTTP_USER_AGENT' => 'PostmanRuntime/7.4.0'
    'HTTP_AUTHORIZATION' => '***'
    'HTTP_POSTMAN_TOKEN' => 'd8e5c408-47fa-4534-86fb-26579fcf44c4'
    'HTTP_CACHE_CONTROL' => 'no-cache'
    'SCRIPT_FILENAME' => '/Users/zhanghongbo/develop/yii2-admin/api/web/index.php'
    'REDIRECT_STATUS' => '200'
    'SERVER_NAME' => 'yii2api.local.alwooo.com'
    'SERVER_PORT' => '80'
    'SERVER_ADDR' => '127.0.0.1'
    'REMOTE_PORT' => '49335'
    'REMOTE_ADDR' => '127.0.0.1'
    'SERVER_SOFTWARE' => 'nginx/1.14.0'
    'GATEWAY_INTERFACE' => 'CGI/1.1'
    'REQUEST_SCHEME' => 'http'
    'SERVER_PROTOCOL' => 'HTTP/1.1'
    'DOCUMENT_ROOT' => '/Users/zhanghongbo/develop/yii2-admin/api/web'
    'DOCUMENT_URI' => '/index.php'
    'REQUEST_URI' => '/v1/index/index?XDEBUG_SESSION_START=1'
    'SCRIPT_NAME' => '/index.php'
    'CONTENT_LENGTH' => ''
    'CONTENT_TYPE' => ''
    'REQUEST_METHOD' => 'GET'
    'QUERY_STRING' => 'XDEBUG_SESSION_START=1'
    'FCGI_ROLE' => 'RESPONDER'
    'PHP_SELF' => '/index.php'
    'REQUEST_TIME_FLOAT' => 1552525758.7966
    'REQUEST_TIME' => 1552525758
]
2019-03-14 09:10:33 [127.0.0.1][-][-][error][Error] Error: Call to undefined method api\common\models\User::findIdentityByAccessToken() in /Users/zhanghongbo/develop/yii2-admin/vendor/yiisoft/yii2/web/User.php:298
Stack trace:
#0 /Users/zhanghongbo/develop/yii2-admin/vendor/yiisoft/yii2/filters/auth/HttpHeaderAuth.php(62): yii\web\User->loginByAccessToken('02818451399b5cd...', 'yii\\filters\\aut...')
#1 /Users/zhanghongbo/develop/yii2-admin/vendor/yiisoft/yii2/filters/auth/CompositeAuth.php(73): yii\filters\auth\HttpHeaderAuth->authenticate(Object(yii\web\User), Object(yii\web\Request), Object(yii\web\Response))
#2 /Users/zhanghongbo/develop/yii2-admin/vendor/yiisoft/yii2/filters/auth/AuthMethod.php(61): yii\filters\auth\CompositeAuth->authenticate(Object(yii\web\User), Object(yii\web\Request), Object(yii\web\Response))
#3 /Users/zhanghongbo/develop/yii2-admin/vendor/yiisoft/yii2/filters/auth/CompositeAuth.php(57): yii\filters\auth\AuthMethod->beforeAction(Object(yii\base\InlineAction))
#4 /Users/zhanghongbo/develop/yii2-admin/vendor/yiisoft/yii2/base/ActionFilter.php(77): yii\filters\auth\CompositeAuth->beforeAction(Object(yii\base\InlineAction))
#5 [internal function]: yii\base\ActionFilter->beforeFilter(Object(yii\base\ActionEvent))
#6 /Users/zhanghongbo/develop/yii2-admin/vendor/yiisoft/yii2/base/Component.php(627): call_user_func(Array, Object(yii\base\ActionEvent))
#7 /Users/zhanghongbo/develop/yii2-admin/vendor/yiisoft/yii2/base/Controller.php(274): yii\base\Component->trigger('beforeAction', Object(yii\base\ActionEvent))
#8 /Users/zhanghongbo/develop/yii2-admin/vendor/yiisoft/yii2/web/Controller.php(164): yii\base\Controller->beforeAction(Object(yii\base\InlineAction))
#9 /Users/zhanghongbo/develop/yii2-admin/vendor/yiisoft/yii2/base/Controller.php(155): yii\web\Controller->beforeAction(Object(yii\base\InlineAction))
#10 /Users/zhanghongbo/develop/yii2-admin/vendor/yiisoft/yii2/base/Module.php(528): yii\base\Controller->runAction('index', Array)
#11 /Users/zhanghongbo/develop/yii2-admin/vendor/yiisoft/yii2/web/Application.php(103): yii\base\Module->runAction('v1/index/index', Array)
#12 /Users/zhanghongbo/develop/yii2-admin/vendor/yiisoft/yii2/base/Application.php(386): yii\web\Application->handleRequest(Object(yii\web\Request))
#13 /Users/zhanghongbo/develop/yii2-admin/api/web/index.php(19): yii\base\Application->run()
#14 {main}
2019-03-14 09:10:33 [127.0.0.1][-][-][info][application] $_GET = [
    'XDEBUG_SESSION_START' => '1'
]

$_POST = []

$_FILES = []

$_COOKIE = [
    'XDEBUG_SESSION' => '1'
]

$_SERVER = [
    'USER' => 'zhanghongbo'
    'HOME' => '/Users/zhanghongbo'
    'HTTP_CONNECTION' => 'keep-alive'
    'HTTP_ACCEPT_ENCODING' => 'gzip, deflate'
    'HTTP_COOKIE' => 'XDEBUG_SESSION=1'
    'HTTP_HOST' => 'yii2api.local.alwooo.com'
    'HTTP_ACCEPT' => '*/*'
    'HTTP_USER_AGENT' => 'PostmanRuntime/7.4.0'
    'HTTP_AUTHORIZATION' => '***'
    'HTTP_POSTMAN_TOKEN' => 'c62464a3-5b74-4f08-a585-23bb2716b0b3'
    'HTTP_CACHE_CONTROL' => 'no-cache'
    'SCRIPT_FILENAME' => '/Users/zhanghongbo/develop/yii2-admin/api/web/index.php'
    'REDIRECT_STATUS' => '200'
    'SERVER_NAME' => 'yii2api.local.alwooo.com'
    'SERVER_PORT' => '80'
    'SERVER_ADDR' => '127.0.0.1'
    'REMOTE_PORT' => '49335'
    'REMOTE_ADDR' => '127.0.0.1'
    'SERVER_SOFTWARE' => 'nginx/1.14.0'
    'GATEWAY_INTERFACE' => 'CGI/1.1'
    'REQUEST_SCHEME' => 'http'
    'SERVER_PROTOCOL' => 'HTTP/1.1'
    'DOCUMENT_ROOT' => '/Users/zhanghongbo/develop/yii2-admin/api/web'
    'DOCUMENT_URI' => '/index.php'
    'REQUEST_URI' => '/v1/index/index?XDEBUG_SESSION_START=1'
    'SCRIPT_NAME' => '/index.php'
    'CONTENT_LENGTH' => ''
    'CONTENT_TYPE' => ''
    'REQUEST_METHOD' => 'GET'
    'QUERY_STRING' => 'XDEBUG_SESSION_START=1'
    'FCGI_ROLE' => 'RESPONDER'
    'PHP_SELF' => '/index.php'
    'REQUEST_TIME_FLOAT' => 1552525833.7214
    'REQUEST_TIME' => 1552525833
]
2019-03-14 09:13:02 [127.0.0.1][-][-][error][yii\web\HttpException:401] yii\web\UnauthorizedHttpException: Your request was made with invalid credentials. in /Users/zhanghongbo/develop/yii2-admin/vendor/yiisoft/yii2/filters/auth/AuthMethod.php:93
Stack trace:
#0 /Users/zhanghongbo/develop/yii2-admin/vendor/yiisoft/yii2/filters/auth/HttpHeaderAuth.php(65): yii\filters\auth\AuthMethod->handleFailure(Object(yii\web\Response))
#1 /Users/zhanghongbo/develop/yii2-admin/vendor/yiisoft/yii2/filters/auth/CompositeAuth.php(73): yii\filters\auth\HttpHeaderAuth->authenticate(Object(yii\web\User), Object(yii\web\Request), Object(yii\web\Response))
#2 /Users/zhanghongbo/develop/yii2-admin/vendor/yiisoft/yii2/filters/auth/AuthMethod.php(61): yii\filters\auth\CompositeAuth->authenticate(Object(yii\web\User), Object(yii\web\Request), Object(yii\web\Response))
#3 /Users/zhanghongbo/develop/yii2-admin/vendor/yiisoft/yii2/filters/auth/CompositeAuth.php(57): yii\filters\auth\AuthMethod->beforeAction(Object(yii\base\InlineAction))
#4 /Users/zhanghongbo/develop/yii2-admin/vendor/yiisoft/yii2/base/ActionFilter.php(77): yii\filters\auth\CompositeAuth->beforeAction(Object(yii\base\InlineAction))
#5 [internal function]: yii\base\ActionFilter->beforeFilter(Object(yii\base\ActionEvent))
#6 /Users/zhanghongbo/develop/yii2-admin/vendor/yiisoft/yii2/base/Component.php(627): call_user_func(Array, Object(yii\base\ActionEvent))
#7 /Users/zhanghongbo/develop/yii2-admin/vendor/yiisoft/yii2/base/Controller.php(274): yii\base\Component->trigger('beforeAction', Object(yii\base\ActionEvent))
#8 /Users/zhanghongbo/develop/yii2-admin/vendor/yiisoft/yii2/web/Controller.php(164): yii\base\Controller->beforeAction(Object(yii\base\InlineAction))
#9 /Users/zhanghongbo/develop/yii2-admin/vendor/yiisoft/yii2/base/Controller.php(155): yii\web\Controller->beforeAction(Object(yii\base\InlineAction))
#10 /Users/zhanghongbo/develop/yii2-admin/vendor/yiisoft/yii2/base/Module.php(528): yii\base\Controller->runAction('index', Array)
#11 /Users/zhanghongbo/develop/yii2-admin/vendor/yiisoft/yii2/web/Application.php(103): yii\base\Module->runAction('v1/index/index', Array)
#12 /Users/zhanghongbo/develop/yii2-admin/vendor/yiisoft/yii2/base/Application.php(386): yii\web\Application->handleRequest(Object(yii\web\Request))
#13 /Users/zhanghongbo/develop/yii2-admin/api/web/index.php(19): yii\base\Application->run()
#14 {main}
2019-03-14 09:13:02 [127.0.0.1][-][-][info][application] $_GET = [
    'XDEBUG_SESSION_START' => '1'
]

$_POST = []

$_FILES = []

$_COOKIE = [
    'XDEBUG_SESSION' => '1'
]

$_SERVER = [
    'USER' => 'zhanghongbo'
    'HOME' => '/Users/zhanghongbo'
    'HTTP_CONNECTION' => 'keep-alive'
    'HTTP_ACCEPT_ENCODING' => 'gzip, deflate'
    'HTTP_COOKIE' => 'XDEBUG_SESSION=1'
    'HTTP_HOST' => 'yii2api.local.alwooo.com'
    'HTTP_ACCEPT' => '*/*'
    'HTTP_USER_AGENT' => 'PostmanRuntime/7.4.0'
    'HTTP_AUTHORIZATION' => '***'
    'HTTP_POSTMAN_TOKEN' => '9bfe5472-8658-46a4-a22d-becd33c8159b'
    'HTTP_CACHE_CONTROL' => 'no-cache'
    'SCRIPT_FILENAME' => '/Users/zhanghongbo/develop/yii2-admin/api/web/index.php'
    'REDIRECT_STATUS' => '200'
    'SERVER_NAME' => 'yii2api.local.alwooo.com'
    'SERVER_PORT' => '80'
    'SERVER_ADDR' => '127.0.0.1'
    'REMOTE_PORT' => '49335'
    'REMOTE_ADDR' => '127.0.0.1'
    'SERVER_SOFTWARE' => 'nginx/1.14.0'
    'GATEWAY_INTERFACE' => 'CGI/1.1'
    'REQUEST_SCHEME' => 'http'
    'SERVER_PROTOCOL' => 'HTTP/1.1'
    'DOCUMENT_ROOT' => '/Users/zhanghongbo/develop/yii2-admin/api/web'
    'DOCUMENT_URI' => '/index.php'
    'REQUEST_URI' => '/v1/index/index?XDEBUG_SESSION_START=1'
    'SCRIPT_NAME' => '/index.php'
    'CONTENT_LENGTH' => ''
    'CONTENT_TYPE' => ''
    'REQUEST_METHOD' => 'GET'
    'QUERY_STRING' => 'XDEBUG_SESSION_START=1'
    'FCGI_ROLE' => 'RESPONDER'
    'PHP_SELF' => '/index.php'
    'REQUEST_TIME_FLOAT' => 1552525982.6529
    'REQUEST_TIME' => 1552525982
]
2019-03-14 09:22:18 [127.0.0.1][-][-][error][yii\base\NotSupportedException] yii\base\NotSupportedException: "findIdentityByAccessToken" is not implemented. in /Users/zhanghongbo/develop/yii2-admin/common/models/User.php:72
Stack trace:
#0 /Users/zhanghongbo/develop/yii2-admin/vendor/yiisoft/yii2/web/User.php(298): common\models\User::findIdentityByAccessToken('02818451399b5cd...', 'yii\\filters\\aut...')
#1 /Users/zhanghongbo/develop/yii2-admin/vendor/yiisoft/yii2/filters/auth/HttpHeaderAuth.php(62): yii\web\User->loginByAccessToken('02818451399b5cd...', 'yii\\filters\\aut...')
#2 /Users/zhanghongbo/develop/yii2-admin/vendor/yiisoft/yii2/filters/auth/CompositeAuth.php(73): yii\filters\auth\HttpHeaderAuth->authenticate(Object(yii\web\User), Object(yii\web\Request), Object(yii\web\Response))
#3 /Users/zhanghongbo/develop/yii2-admin/vendor/yiisoft/yii2/filters/auth/AuthMethod.php(61): yii\filters\auth\CompositeAuth->authenticate(Object(yii\web\User), Object(yii\web\Request), Object(yii\web\Response))
#4 /Users/zhanghongbo/develop/yii2-admin/vendor/yiisoft/yii2/filters/auth/CompositeAuth.php(57): yii\filters\auth\AuthMethod->beforeAction(Object(yii\base\InlineAction))
#5 /Users/zhanghongbo/develop/yii2-admin/vendor/yiisoft/yii2/base/ActionFilter.php(77): yii\filters\auth\CompositeAuth->beforeAction(Object(yii\base\InlineAction))
#6 [internal function]: yii\base\ActionFilter->beforeFilter(Object(yii\base\ActionEvent))
#7 /Users/zhanghongbo/develop/yii2-admin/vendor/yiisoft/yii2/base/Component.php(627): call_user_func(Array, Object(yii\base\ActionEvent))
#8 /Users/zhanghongbo/develop/yii2-admin/vendor/yiisoft/yii2/base/Controller.php(274): yii\base\Component->trigger('beforeAction', Object(yii\base\ActionEvent))
#9 /Users/zhanghongbo/develop/yii2-admin/vendor/yiisoft/yii2/web/Controller.php(164): yii\base\Controller->beforeAction(Object(yii\base\InlineAction))
#10 /Users/zhanghongbo/develop/yii2-admin/vendor/yiisoft/yii2/base/Controller.php(155): yii\web\Controller->beforeAction(Object(yii\base\InlineAction))
#11 /Users/zhanghongbo/develop/yii2-admin/vendor/yiisoft/yii2/base/Module.php(528): yii\base\Controller->runAction('index', Array)
#12 /Users/zhanghongbo/develop/yii2-admin/vendor/yiisoft/yii2/web/Application.php(103): yii\base\Module->runAction('v1/index/index', Array)
#13 /Users/zhanghongbo/develop/yii2-admin/vendor/yiisoft/yii2/base/Application.php(386): yii\web\Application->handleRequest(Object(yii\web\Request))
#14 /Users/zhanghongbo/develop/yii2-admin/api/web/index.php(19): yii\base\Application->run()
#15 {main}
2019-03-14 09:22:18 [127.0.0.1][-][-][info][application] $_GET = [
    'XDEBUG_SESSION_START' => '1'
]

$_POST = []

$_FILES = []

$_COOKIE = [
    'XDEBUG_SESSION' => '1'
]

$_SERVER = [
    'USER' => 'zhanghongbo'
    'HOME' => '/Users/zhanghongbo'
    'HTTP_CONNECTION' => 'keep-alive'
    'HTTP_ACCEPT_ENCODING' => 'gzip, deflate'
    'HTTP_COOKIE' => 'XDEBUG_SESSION=1'
    'HTTP_HOST' => 'yii2api.local.alwooo.com'
    'HTTP_ACCEPT' => '*/*'
    'HTTP_USER_AGENT' => 'PostmanRuntime/7.4.0'
    'HTTP_AUTHORIZATION' => '***'
    'HTTP_POSTMAN_TOKEN' => '5920a8e5-4075-4fdc-ba02-af724eb14c62'
    'HTTP_CACHE_CONTROL' => 'no-cache'
    'SCRIPT_FILENAME' => '/Users/zhanghongbo/develop/yii2-admin/api/web/index.php'
    'REDIRECT_STATUS' => '200'
    'SERVER_NAME' => 'yii2api.local.alwooo.com'
    'SERVER_PORT' => '80'
    'SERVER_ADDR' => '127.0.0.1'
    'REMOTE_PORT' => '58597'
    'REMOTE_ADDR' => '127.0.0.1'
    'SERVER_SOFTWARE' => 'nginx/1.14.0'
    'GATEWAY_INTERFACE' => 'CGI/1.1'
    'REQUEST_SCHEME' => 'http'
    'SERVER_PROTOCOL' => 'HTTP/1.1'
    'DOCUMENT_ROOT' => '/Users/zhanghongbo/develop/yii2-admin/api/web'
    'DOCUMENT_URI' => '/index.php'
    'REQUEST_URI' => '/v1/index/index?XDEBUG_SESSION_START=1'
    'SCRIPT_NAME' => '/index.php'
    'CONTENT_LENGTH' => ''
    'CONTENT_TYPE' => ''
    'REQUEST_METHOD' => 'GET'
    'QUERY_STRING' => 'XDEBUG_SESSION_START=1'
    'FCGI_ROLE' => 'RESPONDER'
    'PHP_SELF' => '/index.php'
    'REQUEST_TIME_FLOAT' => 1552526538.2907
    'REQUEST_TIME' => 1552526538
]
2019-03-14 09:23:19 [127.0.0.1][-][-][error][yii\base\InvalidArgumentException] yii\base\InvalidArgumentException: Key "access_token" is not a column name and can not be used as a filter in /Users/zhanghongbo/develop/yii2-admin/vendor/yiisoft/yii2/db/ActiveRecord.php:224
Stack trace:
#0 /Users/zhanghongbo/develop/yii2-admin/vendor/yiisoft/yii2/db/ActiveRecord.php(190): yii\db\ActiveRecord::filterCondition(Array)
#1 /Users/zhanghongbo/develop/yii2-admin/vendor/yiisoft/yii2/db/BaseActiveRecord.php(112): yii\db\ActiveRecord::findByCondition(Array)
#2 /Users/zhanghongbo/develop/yii2-admin/common/models/User.php(72): yii\db\BaseActiveRecord::findOne(Array)
#3 /Users/zhanghongbo/develop/yii2-admin/vendor/yiisoft/yii2/web/User.php(298): common\models\User::findIdentityByAccessToken('02818451399b5cd...', 'yii\\filters\\aut...')
#4 /Users/zhanghongbo/develop/yii2-admin/vendor/yiisoft/yii2/filters/auth/HttpHeaderAuth.php(62): yii\web\User->loginByAccessToken('02818451399b5cd...', 'yii\\filters\\aut...')
#5 /Users/zhanghongbo/develop/yii2-admin/vendor/yiisoft/yii2/filters/auth/CompositeAuth.php(73): yii\filters\auth\HttpHeaderAuth->authenticate(Object(yii\web\User), Object(yii\web\Request), Object(yii\web\Response))
#6 /Users/zhanghongbo/develop/yii2-admin/vendor/yiisoft/yii2/filters/auth/AuthMethod.php(61): yii\filters\auth\CompositeAuth->authenticate(Object(yii\web\User), Object(yii\web\Request), Object(yii\web\Response))
#7 /Users/zhanghongbo/develop/yii2-admin/vendor/yiisoft/yii2/filters/auth/CompositeAuth.php(57): yii\filters\auth\AuthMethod->beforeAction(Object(yii\base\InlineAction))
#8 /Users/zhanghongbo/develop/yii2-admin/vendor/yiisoft/yii2/base/ActionFilter.php(77): yii\filters\auth\CompositeAuth->beforeAction(Object(yii\base\InlineAction))
#9 [internal function]: yii\base\ActionFilter->beforeFilter(Object(yii\base\ActionEvent))
#10 /Users/zhanghongbo/develop/yii2-admin/vendor/yiisoft/yii2/base/Component.php(627): call_user_func(Array, Object(yii\base\ActionEvent))
#11 /Users/zhanghongbo/develop/yii2-admin/vendor/yiisoft/yii2/base/Controller.php(274): yii\base\Component->trigger('beforeAction', Object(yii\base\ActionEvent))
#12 /Users/zhanghongbo/develop/yii2-admin/vendor/yiisoft/yii2/web/Controller.php(164): yii\base\Controller->beforeAction(Object(yii\base\InlineAction))
#13 /Users/zhanghongbo/develop/yii2-admin/vendor/yiisoft/yii2/base/Controller.php(155): yii\web\Controller->beforeAction(Object(yii\base\InlineAction))
#14 /Users/zhanghongbo/develop/yii2-admin/vendor/yiisoft/yii2/base/Module.php(528): yii\base\Controller->runAction('index', Array)
#15 /Users/zhanghongbo/develop/yii2-admin/vendor/yiisoft/yii2/web/Application.php(103): yii\base\Module->runAction('v1/index/index', Array)
#16 /Users/zhanghongbo/develop/yii2-admin/vendor/yiisoft/yii2/base/Application.php(386): yii\web\Application->handleRequest(Object(yii\web\Request))
#17 /Users/zhanghongbo/develop/yii2-admin/api/web/index.php(19): yii\base\Application->run()
#18 {main}
2019-03-14 09:23:19 [127.0.0.1][-][-][info][application] $_GET = [
    'XDEBUG_SESSION_START' => '1'
]

$_POST = []

$_FILES = []

$_COOKIE = [
    'XDEBUG_SESSION' => '1'
]

$_SERVER = [
    'USER' => 'zhanghongbo'
    'HOME' => '/Users/zhanghongbo'
    'HTTP_CONNECTION' => 'keep-alive'
    'HTTP_ACCEPT_ENCODING' => 'gzip, deflate'
    'HTTP_COOKIE' => 'XDEBUG_SESSION=1'
    'HTTP_HOST' => 'yii2api.local.alwooo.com'
    'HTTP_ACCEPT' => '*/*'
    'HTTP_USER_AGENT' => 'PostmanRuntime/7.4.0'
    'HTTP_AUTHORIZATION' => '***'
    'HTTP_POSTMAN_TOKEN' => '45db47b3-290a-4122-a11f-bc2e54ab9fb7'
    'HTTP_CACHE_CONTROL' => 'no-cache'
    'SCRIPT_FILENAME' => '/Users/zhanghongbo/develop/yii2-admin/api/web/index.php'
    'REDIRECT_STATUS' => '200'
    'SERVER_NAME' => 'yii2api.local.alwooo.com'
    'SERVER_PORT' => '80'
    'SERVER_ADDR' => '127.0.0.1'
    'REMOTE_PORT' => '58597'
    'REMOTE_ADDR' => '127.0.0.1'
    'SERVER_SOFTWARE' => 'nginx/1.14.0'
    'GATEWAY_INTERFACE' => 'CGI/1.1'
    'REQUEST_SCHEME' => 'http'
    'SERVER_PROTOCOL' => 'HTTP/1.1'
    'DOCUMENT_ROOT' => '/Users/zhanghongbo/develop/yii2-admin/api/web'
    'DOCUMENT_URI' => '/index.php'
    'REQUEST_URI' => '/v1/index/index?XDEBUG_SESSION_START=1'
    'SCRIPT_NAME' => '/index.php'
    'CONTENT_LENGTH' => ''
    'CONTENT_TYPE' => ''
    'REQUEST_METHOD' => 'GET'
    'QUERY_STRING' => 'XDEBUG_SESSION_START=1'
    'FCGI_ROLE' => 'RESPONDER'
    'PHP_SELF' => '/index.php'
    'REQUEST_TIME_FLOAT' => 1552526599.7671
    'REQUEST_TIME' => 1552526599
]
2019-03-14 09:27:03 [127.0.0.1][-][-][error][yii\base\InvalidArgumentException] yii\base\InvalidArgumentException: Key "access_token" is not a column name and can not be used as a filter in /Users/zhanghongbo/develop/yii2-admin/vendor/yiisoft/yii2/db/ActiveRecord.php:224
Stack trace:
#0 /Users/zhanghongbo/develop/yii2-admin/vendor/yiisoft/yii2/db/ActiveRecord.php(190): yii\db\ActiveRecord::filterCondition(Array)
#1 /Users/zhanghongbo/develop/yii2-admin/vendor/yiisoft/yii2/db/BaseActiveRecord.php(112): yii\db\ActiveRecord::findByCondition(Array)
#2 /Users/zhanghongbo/develop/yii2-admin/common/models/User.php(72): yii\db\BaseActiveRecord::findOne(Array)
#3 /Users/zhanghongbo/develop/yii2-admin/vendor/yiisoft/yii2/web/User.php(298): common\models\User::findIdentityByAccessToken('02818451399b5cd...', 'yii\\filters\\aut...')
#4 /Users/zhanghongbo/develop/yii2-admin/vendor/yiisoft/yii2/filters/auth/HttpHeaderAuth.php(62): yii\web\User->loginByAccessToken('02818451399b5cd...', 'yii\\filters\\aut...')
#5 /Users/zhanghongbo/develop/yii2-admin/vendor/yiisoft/yii2/filters/auth/CompositeAuth.php(73): yii\filters\auth\HttpHeaderAuth->authenticate(Object(yii\web\User), Object(yii\web\Request), Object(yii\web\Response))
#6 /Users/zhanghongbo/develop/yii2-admin/vendor/yiisoft/yii2/filters/auth/AuthMethod.php(61): yii\filters\auth\CompositeAuth->authenticate(Object(yii\web\User), Object(yii\web\Request), Object(yii\web\Response))
#7 /Users/zhanghongbo/develop/yii2-admin/vendor/yiisoft/yii2/filters/auth/CompositeAuth.php(57): yii\filters\auth\AuthMethod->beforeAction(Object(yii\base\InlineAction))
#8 /Users/zhanghongbo/develop/yii2-admin/vendor/yiisoft/yii2/base/ActionFilter.php(77): yii\filters\auth\CompositeAuth->beforeAction(Object(yii\base\InlineAction))
#9 [internal function]: yii\base\ActionFilter->beforeFilter(Object(yii\base\ActionEvent))
#10 /Users/zhanghongbo/develop/yii2-admin/vendor/yiisoft/yii2/base/Component.php(627): call_user_func(Array, Object(yii\base\ActionEvent))
#11 /Users/zhanghongbo/develop/yii2-admin/vendor/yiisoft/yii2/base/Controller.php(274): yii\base\Component->trigger('beforeAction', Object(yii\base\ActionEvent))
#12 /Users/zhanghongbo/develop/yii2-admin/vendor/yiisoft/yii2/web/Controller.php(164): yii\base\Controller->beforeAction(Object(yii\base\InlineAction))
#13 /Users/zhanghongbo/develop/yii2-admin/vendor/yiisoft/yii2/base/Controller.php(155): yii\web\Controller->beforeAction(Object(yii\base\InlineAction))
#14 /Users/zhanghongbo/develop/yii2-admin/vendor/yiisoft/yii2/base/Module.php(528): yii\base\Controller->runAction('index', Array)
#15 /Users/zhanghongbo/develop/yii2-admin/vendor/yiisoft/yii2/web/Application.php(103): yii\base\Module->runAction('v1/index/index', Array)
#16 /Users/zhanghongbo/develop/yii2-admin/vendor/yiisoft/yii2/base/Application.php(386): yii\web\Application->handleRequest(Object(yii\web\Request))
#17 /Users/zhanghongbo/develop/yii2-admin/api/web/index.php(19): yii\base\Application->run()
#18 {main}
2019-03-14 09:27:00 [127.0.0.1][-][-][info][application] $_GET = [
    'XDEBUG_SESSION_START' => '1'
]

$_POST = []

$_FILES = []

$_COOKIE = [
    'XDEBUG_SESSION' => '1'
]

$_SERVER = [
    'USER' => 'zhanghongbo'
    'HOME' => '/Users/zhanghongbo'
    'HTTP_CONNECTION' => 'keep-alive'
    'HTTP_ACCEPT_ENCODING' => 'gzip, deflate'
    'HTTP_COOKIE' => 'XDEBUG_SESSION=1'
    'HTTP_HOST' => 'yii2api.local.alwooo.com'
    'HTTP_ACCEPT' => '*/*'
    'HTTP_USER_AGENT' => 'PostmanRuntime/7.4.0'
    'HTTP_AUTHORIZATION' => '***'
    'HTTP_POSTMAN_TOKEN' => '3197c19b-bd9e-4d88-b165-308b0170873f'
    'HTTP_CACHE_CONTROL' => 'no-cache'
    'SCRIPT_FILENAME' => '/Users/zhanghongbo/develop/yii2-admin/api/web/index.php'
    'REDIRECT_STATUS' => '200'
    'SERVER_NAME' => 'yii2api.local.alwooo.com'
    'SERVER_PORT' => '80'
    'SERVER_ADDR' => '127.0.0.1'
    'REMOTE_PORT' => '58597'
    'REMOTE_ADDR' => '127.0.0.1'
    'SERVER_SOFTWARE' => 'nginx/1.14.0'
    'GATEWAY_INTERFACE' => 'CGI/1.1'
    'REQUEST_SCHEME' => 'http'
    'SERVER_PROTOCOL' => 'HTTP/1.1'
    'DOCUMENT_ROOT' => '/Users/zhanghongbo/develop/yii2-admin/api/web'
    'DOCUMENT_URI' => '/index.php'
    'REQUEST_URI' => '/v1/index/index?XDEBUG_SESSION_START=1'
    'SCRIPT_NAME' => '/index.php'
    'CONTENT_LENGTH' => ''
    'CONTENT_TYPE' => ''
    'REQUEST_METHOD' => 'GET'
    'QUERY_STRING' => 'XDEBUG_SESSION_START=1'
    'FCGI_ROLE' => 'RESPONDER'
    'PHP_SELF' => '/index.php'
    'REQUEST_TIME_FLOAT' => 1552526820.7848
    'REQUEST_TIME' => 1552526820
]
2019-03-14 09:32:55 [127.0.0.1][-][-][error][yii\web\HttpException:401] yii\web\UnauthorizedHttpException: Your request was made with invalid credentials. in /Users/zhanghongbo/develop/yii2-admin/vendor/yiisoft/yii2/filters/auth/AuthMethod.php:93
Stack trace:
#0 /Users/zhanghongbo/develop/yii2-admin/vendor/yiisoft/yii2/filters/auth/HttpHeaderAuth.php(65): yii\filters\auth\AuthMethod->handleFailure(Object(yii\web\Response))
#1 /Users/zhanghongbo/develop/yii2-admin/vendor/yiisoft/yii2/filters/auth/CompositeAuth.php(73): yii\filters\auth\HttpHeaderAuth->authenticate(Object(yii\web\User), Object(yii\web\Request), Object(yii\web\Response))
#2 /Users/zhanghongbo/develop/yii2-admin/vendor/yiisoft/yii2/filters/auth/AuthMethod.php(61): yii\filters\auth\CompositeAuth->authenticate(Object(yii\web\User), Object(yii\web\Request), Object(yii\web\Response))
#3 /Users/zhanghongbo/develop/yii2-admin/vendor/yiisoft/yii2/filters/auth/CompositeAuth.php(57): yii\filters\auth\AuthMethod->beforeAction(Object(yii\base\InlineAction))
#4 /Users/zhanghongbo/develop/yii2-admin/vendor/yiisoft/yii2/base/ActionFilter.php(77): yii\filters\auth\CompositeAuth->beforeAction(Object(yii\base\InlineAction))
#5 [internal function]: yii\base\ActionFilter->beforeFilter(Object(yii\base\ActionEvent))
#6 /Users/zhanghongbo/develop/yii2-admin/vendor/yiisoft/yii2/base/Component.php(627): call_user_func(Array, Object(yii\base\ActionEvent))
#7 /Users/zhanghongbo/develop/yii2-admin/vendor/yiisoft/yii2/base/Controller.php(274): yii\base\Component->trigger('beforeAction', Object(yii\base\ActionEvent))
#8 /Users/zhanghongbo/develop/yii2-admin/vendor/yiisoft/yii2/web/Controller.php(164): yii\base\Controller->beforeAction(Object(yii\base\InlineAction))
#9 /Users/zhanghongbo/develop/yii2-admin/vendor/yiisoft/yii2/base/Controller.php(155): yii\web\Controller->beforeAction(Object(yii\base\InlineAction))
#10 /Users/zhanghongbo/develop/yii2-admin/vendor/yiisoft/yii2/base/Module.php(528): yii\base\Controller->runAction('index', Array)
#11 /Users/zhanghongbo/develop/yii2-admin/vendor/yiisoft/yii2/web/Application.php(103): yii\base\Module->runAction('v1/index/index', Array)
#12 /Users/zhanghongbo/develop/yii2-admin/vendor/yiisoft/yii2/base/Application.php(386): yii\web\Application->handleRequest(Object(yii\web\Request))
#13 /Users/zhanghongbo/develop/yii2-admin/api/web/index.php(19): yii\base\Application->run()
#14 {main}
2019-03-14 09:32:55 [127.0.0.1][-][-][info][application] $_GET = [
    'XDEBUG_SESSION_START' => '1'
]

$_POST = []

$_FILES = []

$_COOKIE = [
    'XDEBUG_SESSION' => '1'
]

$_SERVER = [
    'USER' => 'zhanghongbo'
    'HOME' => '/Users/zhanghongbo'
    'HTTP_CONNECTION' => 'keep-alive'
    'HTTP_ACCEPT_ENCODING' => 'gzip, deflate'
    'HTTP_COOKIE' => 'XDEBUG_SESSION=1'
    'HTTP_HOST' => 'yii2api.local.alwooo.com'
    'HTTP_ACCEPT' => '*/*'
    'HTTP_USER_AGENT' => 'PostmanRuntime/7.4.0'
    'HTTP_AUTHORIZATION' => '***'
    'HTTP_POSTMAN_TOKEN' => '19dd8c49-485f-4d0d-b3a5-d0f65d50f748'
    'HTTP_CACHE_CONTROL' => 'no-cache'
    'SCRIPT_FILENAME' => '/Users/zhanghongbo/develop/yii2-admin/api/web/index.php'
    'REDIRECT_STATUS' => '200'
    'SERVER_NAME' => 'yii2api.local.alwooo.com'
    'SERVER_PORT' => '80'
    'SERVER_ADDR' => '127.0.0.1'
    'REMOTE_PORT' => '55462'
    'REMOTE_ADDR' => '127.0.0.1'
    'SERVER_SOFTWARE' => 'nginx/1.14.0'
    'GATEWAY_INTERFACE' => 'CGI/1.1'
    'REQUEST_SCHEME' => 'http'
    'SERVER_PROTOCOL' => 'HTTP/1.1'
    'DOCUMENT_ROOT' => '/Users/zhanghongbo/develop/yii2-admin/api/web'
    'DOCUMENT_URI' => '/index.php'
    'REQUEST_URI' => '/v1/index/index?XDEBUG_SESSION_START=1'
    'SCRIPT_NAME' => '/index.php'
    'CONTENT_LENGTH' => ''
    'CONTENT_TYPE' => ''
    'REQUEST_METHOD' => 'GET'
    'QUERY_STRING' => 'XDEBUG_SESSION_START=1'
    'FCGI_ROLE' => 'RESPONDER'
    'PHP_SELF' => '/index.php'
    'REQUEST_TIME_FLOAT' => 1552527175.5635
    'REQUEST_TIME' => 1552527175
]
2019-03-14 09:33:01 [127.0.0.1][-][-][error][yii\web\HttpException:401] yii\web\UnauthorizedHttpException: Your request was made with invalid credentials. in /Users/zhanghongbo/develop/yii2-admin/vendor/yiisoft/yii2/filters/auth/AuthMethod.php:93
Stack trace:
#0 /Users/zhanghongbo/develop/yii2-admin/vendor/yiisoft/yii2/filters/auth/HttpHeaderAuth.php(65): yii\filters\auth\AuthMethod->handleFailure(Object(yii\web\Response))
#1 /Users/zhanghongbo/develop/yii2-admin/vendor/yiisoft/yii2/filters/auth/CompositeAuth.php(73): yii\filters\auth\HttpHeaderAuth->authenticate(Object(yii\web\User), Object(yii\web\Request), Object(yii\web\Response))
#2 /Users/zhanghongbo/develop/yii2-admin/vendor/yiisoft/yii2/filters/auth/AuthMethod.php(61): yii\filters\auth\CompositeAuth->authenticate(Object(yii\web\User), Object(yii\web\Request), Object(yii\web\Response))
#3 /Users/zhanghongbo/develop/yii2-admin/vendor/yiisoft/yii2/filters/auth/CompositeAuth.php(57): yii\filters\auth\AuthMethod->beforeAction(Object(yii\base\InlineAction))
#4 /Users/zhanghongbo/develop/yii2-admin/vendor/yiisoft/yii2/base/ActionFilter.php(77): yii\filters\auth\CompositeAuth->beforeAction(Object(yii\base\InlineAction))
#5 [internal function]: yii\base\ActionFilter->beforeFilter(Object(yii\base\ActionEvent))
#6 /Users/zhanghongbo/develop/yii2-admin/vendor/yiisoft/yii2/base/Component.php(627): call_user_func(Array, Object(yii\base\ActionEvent))
#7 /Users/zhanghongbo/develop/yii2-admin/vendor/yiisoft/yii2/base/Controller.php(274): yii\base\Component->trigger('beforeAction', Object(yii\base\ActionEvent))
#8 /Users/zhanghongbo/develop/yii2-admin/vendor/yiisoft/yii2/web/Controller.php(164): yii\base\Controller->beforeAction(Object(yii\base\InlineAction))
#9 /Users/zhanghongbo/develop/yii2-admin/vendor/yiisoft/yii2/base/Controller.php(155): yii\web\Controller->beforeAction(Object(yii\base\InlineAction))
#10 /Users/zhanghongbo/develop/yii2-admin/vendor/yiisoft/yii2/base/Module.php(528): yii\base\Controller->runAction('index', Array)
#11 /Users/zhanghongbo/develop/yii2-admin/vendor/yiisoft/yii2/web/Application.php(103): yii\base\Module->runAction('v1/index/index', Array)
#12 /Users/zhanghongbo/develop/yii2-admin/vendor/yiisoft/yii2/base/Application.php(386): yii\web\Application->handleRequest(Object(yii\web\Request))
#13 /Users/zhanghongbo/develop/yii2-admin/api/web/index.php(19): yii\base\Application->run()
#14 {main}
2019-03-14 09:33:01 [127.0.0.1][-][-][info][application] $_GET = [
    'XDEBUG_SESSION_START' => '1'
]

$_POST = []

$_FILES = []

$_COOKIE = [
    'XDEBUG_SESSION' => '1'
]

$_SERVER = [
    'USER' => 'zhanghongbo'
    'HOME' => '/Users/zhanghongbo'
    'HTTP_CONNECTION' => 'keep-alive'
    'HTTP_ACCEPT_ENCODING' => 'gzip, deflate'
    'HTTP_COOKIE' => 'XDEBUG_SESSION=1'
    'HTTP_HOST' => 'yii2api.local.alwooo.com'
    'HTTP_ACCEPT' => '*/*'
    'HTTP_USER_AGENT' => 'PostmanRuntime/7.4.0'
    'HTTP_AUTHORIZATION' => '***'
    'HTTP_POSTMAN_TOKEN' => '5c4378ff-bd07-4f5b-9a77-a024e052d891'
    'HTTP_CACHE_CONTROL' => 'no-cache'
    'SCRIPT_FILENAME' => '/Users/zhanghongbo/develop/yii2-admin/api/web/index.php'
    'REDIRECT_STATUS' => '200'
    'SERVER_NAME' => 'yii2api.local.alwooo.com'
    'SERVER_PORT' => '80'
    'SERVER_ADDR' => '127.0.0.1'
    'REMOTE_PORT' => '55462'
    'REMOTE_ADDR' => '127.0.0.1'
    'SERVER_SOFTWARE' => 'nginx/1.14.0'
    'GATEWAY_INTERFACE' => 'CGI/1.1'
    'REQUEST_SCHEME' => 'http'
    'SERVER_PROTOCOL' => 'HTTP/1.1'
    'DOCUMENT_ROOT' => '/Users/zhanghongbo/develop/yii2-admin/api/web'
    'DOCUMENT_URI' => '/index.php'
    'REQUEST_URI' => '/v1/index/index?XDEBUG_SESSION_START=1'
    'SCRIPT_NAME' => '/index.php'
    'CONTENT_LENGTH' => ''
    'CONTENT_TYPE' => ''
    'REQUEST_METHOD' => 'GET'
    'QUERY_STRING' => 'XDEBUG_SESSION_START=1'
    'FCGI_ROLE' => 'RESPONDER'
    'PHP_SELF' => '/index.php'
    'REQUEST_TIME_FLOAT' => 1552527181.2908
    'REQUEST_TIME' => 1552527181
]
2019-03-14 09:33:23 [127.0.0.1][-][-][error][yii\web\HttpException:401] yii\web\UnauthorizedHttpException: Your request was made with invalid credentials. in /Users/zhanghongbo/develop/yii2-admin/vendor/yiisoft/yii2/filters/auth/AuthMethod.php:93
Stack trace:
#0 /Users/zhanghongbo/develop/yii2-admin/vendor/yiisoft/yii2/filters/auth/HttpHeaderAuth.php(65): yii\filters\auth\AuthMethod->handleFailure(Object(yii\web\Response))
#1 /Users/zhanghongbo/develop/yii2-admin/vendor/yiisoft/yii2/filters/auth/CompositeAuth.php(73): yii\filters\auth\HttpHeaderAuth->authenticate(Object(yii\web\User), Object(yii\web\Request), Object(yii\web\Response))
#2 /Users/zhanghongbo/develop/yii2-admin/vendor/yiisoft/yii2/filters/auth/AuthMethod.php(61): yii\filters\auth\CompositeAuth->authenticate(Object(yii\web\User), Object(yii\web\Request), Object(yii\web\Response))
#3 /Users/zhanghongbo/develop/yii2-admin/vendor/yiisoft/yii2/filters/auth/CompositeAuth.php(57): yii\filters\auth\AuthMethod->beforeAction(Object(yii\base\InlineAction))
#4 /Users/zhanghongbo/develop/yii2-admin/vendor/yiisoft/yii2/base/ActionFilter.php(77): yii\filters\auth\CompositeAuth->beforeAction(Object(yii\base\InlineAction))
#5 [internal function]: yii\base\ActionFilter->beforeFilter(Object(yii\base\ActionEvent))
#6 /Users/zhanghongbo/develop/yii2-admin/vendor/yiisoft/yii2/base/Component.php(627): call_user_func(Array, Object(yii\base\ActionEvent))
#7 /Users/zhanghongbo/develop/yii2-admin/vendor/yiisoft/yii2/base/Controller.php(274): yii\base\Component->trigger('beforeAction', Object(yii\base\ActionEvent))
#8 /Users/zhanghongbo/develop/yii2-admin/vendor/yiisoft/yii2/web/Controller.php(164): yii\base\Controller->beforeAction(Object(yii\base\InlineAction))
#9 /Users/zhanghongbo/develop/yii2-admin/vendor/yiisoft/yii2/base/Controller.php(155): yii\web\Controller->beforeAction(Object(yii\base\InlineAction))
#10 /Users/zhanghongbo/develop/yii2-admin/vendor/yiisoft/yii2/base/Module.php(528): yii\base\Controller->runAction('index', Array)
#11 /Users/zhanghongbo/develop/yii2-admin/vendor/yiisoft/yii2/web/Application.php(103): yii\base\Module->runAction('v1/index/index', Array)
#12 /Users/zhanghongbo/develop/yii2-admin/vendor/yiisoft/yii2/base/Application.php(386): yii\web\Application->handleRequest(Object(yii\web\Request))
#13 /Users/zhanghongbo/develop/yii2-admin/api/web/index.php(19): yii\base\Application->run()
#14 {main}
2019-03-14 09:33:23 [127.0.0.1][-][-][info][application] $_GET = [
    'XDEBUG_SESSION_START' => '1'
]

$_POST = []

$_FILES = []

$_COOKIE = [
    'XDEBUG_SESSION' => '1'
]

$_SERVER = [
    'USER' => 'zhanghongbo'
    'HOME' => '/Users/zhanghongbo'
    'HTTP_CONNECTION' => 'keep-alive'
    'HTTP_ACCEPT_ENCODING' => 'gzip, deflate'
    'HTTP_COOKIE' => 'XDEBUG_SESSION=1'
    'HTTP_HOST' => 'yii2api.local.alwooo.com'
    'HTTP_ACCEPT' => '*/*'
    'HTTP_USER_AGENT' => 'PostmanRuntime/7.4.0'
    'HTTP_AUTHORIZATION' => '***'
    'HTTP_POSTMAN_TOKEN' => '7c73fcd1-6869-4270-a3f3-2c61527bd3a7'
    'HTTP_CACHE_CONTROL' => 'no-cache'
    'SCRIPT_FILENAME' => '/Users/zhanghongbo/develop/yii2-admin/api/web/index.php'
    'REDIRECT_STATUS' => '200'
    'SERVER_NAME' => 'yii2api.local.alwooo.com'
    'SERVER_PORT' => '80'
    'SERVER_ADDR' => '127.0.0.1'
    'REMOTE_PORT' => '55462'
    'REMOTE_ADDR' => '127.0.0.1'
    'SERVER_SOFTWARE' => 'nginx/1.14.0'
    'GATEWAY_INTERFACE' => 'CGI/1.1'
    'REQUEST_SCHEME' => 'http'
    'SERVER_PROTOCOL' => 'HTTP/1.1'
    'DOCUMENT_ROOT' => '/Users/zhanghongbo/develop/yii2-admin/api/web'
    'DOCUMENT_URI' => '/index.php'
    'REQUEST_URI' => '/v1/index/index?XDEBUG_SESSION_START=1'
    'SCRIPT_NAME' => '/index.php'
    'CONTENT_LENGTH' => ''
    'CONTENT_TYPE' => ''
    'REQUEST_METHOD' => 'GET'
    'QUERY_STRING' => 'XDEBUG_SESSION_START=1'
    'FCGI_ROLE' => 'RESPONDER'
    'PHP_SELF' => '/index.php'
    'REQUEST_TIME_FLOAT' => 1552527203.1692
    'REQUEST_TIME' => 1552527203
]
