2019-03-14 09:23:19 [127.0.0.1][-][-][info][yii\db\Command::query] SHOW FULL COLUMNS FROM `user`
    in /Users/zhanghongbo/develop/yii2-admin/common/models/User.php:72
2019-03-14 09:23:19 [127.0.0.1][-][-][info][yii\db\Connection::open] Opening DB connection: mysql:host=127.0.0.1;dbname=yii_admin;port=3306
    in /Users/zhanghongbo/develop/yii2-admin/common/models/User.php:72
2019-03-14 09:23:19 [127.0.0.1][-][-][info][yii\db\Command::query] SELECT
    kcu.constraint_name,
    kcu.column_name,
    kcu.referenced_table_name,
    kcu.referenced_column_name
FROM information_schema.referential_constraints AS rc
JOIN information_schema.key_column_usage AS kcu ON
    (
        kcu.constraint_catalog = rc.constraint_catalog OR
        (kcu.constraint_catalog IS NULL AND rc.constraint_catalog IS NULL)
    ) AND
    kcu.constraint_schema = rc.constraint_schema AND
    kcu.constraint_name = rc.constraint_name
WHERE rc.constraint_schema = database() AND kcu.table_schema = database()
AND rc.table_name = 'user' AND kcu.table_name = 'user'
    in /Users/zhanghongbo/develop/yii2-admin/common/models/User.php:72
2019-03-14 09:23:19 [127.0.0.1][-][-][info][application] $_GET = [
    'XDEBUG_SESSION_START' => '1'
]

$_POST = []

$_FILES = []

$_COOKIE = [
    'XDEBUG_SESSION' => '1'
]

$_SERVER = [
    'USER' => 'zhanghongbo'
    'HOME' => '/Users/zhanghongbo'
    'HTTP_CONNECTION' => 'keep-alive'
    'HTTP_ACCEPT_ENCODING' => 'gzip, deflate'
    'HTTP_COOKIE' => 'XDEBUG_SESSION=1'
    'HTTP_HOST' => 'yii2api.local.alwooo.com'
    'HTTP_ACCEPT' => '*/*'
    'HTTP_USER_AGENT' => 'PostmanRuntime/7.4.0'
    'HTTP_AUTHORIZATION' => '***'
    'HTTP_POSTMAN_TOKEN' => '45db47b3-290a-4122-a11f-bc2e54ab9fb7'
    'HTTP_CACHE_CONTROL' => 'no-cache'
    'SCRIPT_FILENAME' => '/Users/zhanghongbo/develop/yii2-admin/api/web/index.php'
    'REDIRECT_STATUS' => '200'
    'SERVER_NAME' => 'yii2api.local.alwooo.com'
    'SERVER_PORT' => '80'
    'SERVER_ADDR' => '127.0.0.1'
    'REMOTE_PORT' => '58597'
    'REMOTE_ADDR' => '127.0.0.1'
    'SERVER_SOFTWARE' => 'nginx/1.14.0'
    'GATEWAY_INTERFACE' => 'CGI/1.1'
    'REQUEST_SCHEME' => 'http'
    'SERVER_PROTOCOL' => 'HTTP/1.1'
    'DOCUMENT_ROOT' => '/Users/zhanghongbo/develop/yii2-admin/api/web'
    'DOCUMENT_URI' => '/index.php'
    'REQUEST_URI' => '/v1/index/index?XDEBUG_SESSION_START=1'
    'SCRIPT_NAME' => '/index.php'
    'CONTENT_LENGTH' => ''
    'CONTENT_TYPE' => ''
    'REQUEST_METHOD' => 'GET'
    'QUERY_STRING' => 'XDEBUG_SESSION_START=1'
    'FCGI_ROLE' => 'RESPONDER'
    'PHP_SELF' => '/index.php'
    'REQUEST_TIME_FLOAT' => 1552526599.7671
    'REQUEST_TIME' => 1552526599
]
2019-03-14 09:27:03 [127.0.0.1][-][-][info][yii\db\Command::query] SHOW FULL COLUMNS FROM `user`
    in /Users/zhanghongbo/develop/yii2-admin/common/models/User.php:72
2019-03-14 09:27:03 [127.0.0.1][-][-][info][yii\db\Connection::open] Opening DB connection: mysql:host=127.0.0.1;dbname=yii_admin;port=3306
    in /Users/zhanghongbo/develop/yii2-admin/common/models/User.php:72
2019-03-14 09:27:03 [127.0.0.1][-][-][info][yii\db\Command::query] SELECT
    kcu.constraint_name,
    kcu.column_name,
    kcu.referenced_table_name,
    kcu.referenced_column_name
FROM information_schema.referential_constraints AS rc
JOIN information_schema.key_column_usage AS kcu ON
    (
        kcu.constraint_catalog = rc.constraint_catalog OR
        (kcu.constraint_catalog IS NULL AND rc.constraint_catalog IS NULL)
    ) AND
    kcu.constraint_schema = rc.constraint_schema AND
    kcu.constraint_name = rc.constraint_name
WHERE rc.constraint_schema = database() AND kcu.table_schema = database()
AND rc.table_name = 'user' AND kcu.table_name = 'user'
    in /Users/zhanghongbo/develop/yii2-admin/common/models/User.php:72
2019-03-14 09:27:00 [127.0.0.1][-][-][info][application] $_GET = [
    'XDEBUG_SESSION_START' => '1'
]

$_POST = []

$_FILES = []

$_COOKIE = [
    'XDEBUG_SESSION' => '1'
]

$_SERVER = [
    'USER' => 'zhanghongbo'
    'HOME' => '/Users/zhanghongbo'
    'HTTP_CONNECTION' => 'keep-alive'
    'HTTP_ACCEPT_ENCODING' => 'gzip, deflate'
    'HTTP_COOKIE' => 'XDEBUG_SESSION=1'
    'HTTP_HOST' => 'yii2api.local.alwooo.com'
    'HTTP_ACCEPT' => '*/*'
    'HTTP_USER_AGENT' => 'PostmanRuntime/7.4.0'
    'HTTP_AUTHORIZATION' => '***'
    'HTTP_POSTMAN_TOKEN' => '3197c19b-bd9e-4d88-b165-308b0170873f'
    'HTTP_CACHE_CONTROL' => 'no-cache'
    'SCRIPT_FILENAME' => '/Users/zhanghongbo/develop/yii2-admin/api/web/index.php'
    'REDIRECT_STATUS' => '200'
    'SERVER_NAME' => 'yii2api.local.alwooo.com'
    'SERVER_PORT' => '80'
    'SERVER_ADDR' => '127.0.0.1'
    'REMOTE_PORT' => '58597'
    'REMOTE_ADDR' => '127.0.0.1'
    'SERVER_SOFTWARE' => 'nginx/1.14.0'
    'GATEWAY_INTERFACE' => 'CGI/1.1'
    'REQUEST_SCHEME' => 'http'
    'SERVER_PROTOCOL' => 'HTTP/1.1'
    'DOCUMENT_ROOT' => '/Users/zhanghongbo/develop/yii2-admin/api/web'
    'DOCUMENT_URI' => '/index.php'
    'REQUEST_URI' => '/v1/index/index?XDEBUG_SESSION_START=1'
    'SCRIPT_NAME' => '/index.php'
    'CONTENT_LENGTH' => ''
    'CONTENT_TYPE' => ''
    'REQUEST_METHOD' => 'GET'
    'QUERY_STRING' => 'XDEBUG_SESSION_START=1'
    'FCGI_ROLE' => 'RESPONDER'
    'PHP_SELF' => '/index.php'
    'REQUEST_TIME_FLOAT' => 1552526820.7848
    'REQUEST_TIME' => 1552526820
]
2019-03-14 09:32:55 [127.0.0.1][-][-][info][yii\db\Command::query] SHOW FULL COLUMNS FROM `user`
    in /Users/zhanghongbo/develop/yii2-admin/common/models/User.php:72
2019-03-14 09:32:55 [127.0.0.1][-][-][info][yii\db\Connection::open] Opening DB connection: mysql:host=127.0.0.1;dbname=yii_admin;port=3306
    in /Users/zhanghongbo/develop/yii2-admin/common/models/User.php:72
2019-03-14 09:32:55 [127.0.0.1][-][-][info][yii\db\Command::query] SELECT
    kcu.constraint_name,
    kcu.column_name,
    kcu.referenced_table_name,
    kcu.referenced_column_name
FROM information_schema.referential_constraints AS rc
JOIN information_schema.key_column_usage AS kcu ON
    (
        kcu.constraint_catalog = rc.constraint_catalog OR
        (kcu.constraint_catalog IS NULL AND rc.constraint_catalog IS NULL)
    ) AND
    kcu.constraint_schema = rc.constraint_schema AND
    kcu.constraint_name = rc.constraint_name
WHERE rc.constraint_schema = database() AND kcu.table_schema = database()
AND rc.table_name = 'user' AND kcu.table_name = 'user'
    in /Users/zhanghongbo/develop/yii2-admin/common/models/User.php:72
2019-03-14 09:32:55 [127.0.0.1][-][-][info][yii\db\Command::query] SELECT * FROM `user` WHERE (`access_token`='02818451399b5cde5f3c05bd00e72aab') AND (`status`=0)
    in /Users/zhanghongbo/develop/yii2-admin/common/models/User.php:72
2019-03-14 09:32:55 [127.0.0.1][-][-][info][application] $_GET = [
    'XDEBUG_SESSION_START' => '1'
]

$_POST = []

$_FILES = []

$_COOKIE = [
    'XDEBUG_SESSION' => '1'
]

$_SERVER = [
    'USER' => 'zhanghongbo'
    'HOME' => '/Users/zhanghongbo'
    'HTTP_CONNECTION' => 'keep-alive'
    'HTTP_ACCEPT_ENCODING' => 'gzip, deflate'
    'HTTP_COOKIE' => 'XDEBUG_SESSION=1'
    'HTTP_HOST' => 'yii2api.local.alwooo.com'
    'HTTP_ACCEPT' => '*/*'
    'HTTP_USER_AGENT' => 'PostmanRuntime/7.4.0'
    'HTTP_AUTHORIZATION' => '***'
    'HTTP_POSTMAN_TOKEN' => '19dd8c49-485f-4d0d-b3a5-d0f65d50f748'
    'HTTP_CACHE_CONTROL' => 'no-cache'
    'SCRIPT_FILENAME' => '/Users/zhanghongbo/develop/yii2-admin/api/web/index.php'
    'REDIRECT_STATUS' => '200'
    'SERVER_NAME' => 'yii2api.local.alwooo.com'
    'SERVER_PORT' => '80'
    'SERVER_ADDR' => '127.0.0.1'
    'REMOTE_PORT' => '55462'
    'REMOTE_ADDR' => '127.0.0.1'
    'SERVER_SOFTWARE' => 'nginx/1.14.0'
    'GATEWAY_INTERFACE' => 'CGI/1.1'
    'REQUEST_SCHEME' => 'http'
    'SERVER_PROTOCOL' => 'HTTP/1.1'
    'DOCUMENT_ROOT' => '/Users/zhanghongbo/develop/yii2-admin/api/web'
    'DOCUMENT_URI' => '/index.php'
    'REQUEST_URI' => '/v1/index/index?XDEBUG_SESSION_START=1'
    'SCRIPT_NAME' => '/index.php'
    'CONTENT_LENGTH' => ''
    'CONTENT_TYPE' => ''
    'REQUEST_METHOD' => 'GET'
    'QUERY_STRING' => 'XDEBUG_SESSION_START=1'
    'FCGI_ROLE' => 'RESPONDER'
    'PHP_SELF' => '/index.php'
    'REQUEST_TIME_FLOAT' => 1552527175.5635
    'REQUEST_TIME' => 1552527175
]
2019-03-14 09:33:01 [127.0.0.1][-][-][info][yii\db\Command::query] SHOW FULL COLUMNS FROM `user`
    in /Users/zhanghongbo/develop/yii2-admin/common/models/User.php:72
2019-03-14 09:33:01 [127.0.0.1][-][-][info][yii\db\Connection::open] Opening DB connection: mysql:host=127.0.0.1;dbname=yii_admin;port=3306
    in /Users/zhanghongbo/develop/yii2-admin/common/models/User.php:72
2019-03-14 09:33:01 [127.0.0.1][-][-][info][yii\db\Command::query] SELECT
    kcu.constraint_name,
    kcu.column_name,
    kcu.referenced_table_name,
    kcu.referenced_column_name
FROM information_schema.referential_constraints AS rc
JOIN information_schema.key_column_usage AS kcu ON
    (
        kcu.constraint_catalog = rc.constraint_catalog OR
        (kcu.constraint_catalog IS NULL AND rc.constraint_catalog IS NULL)
    ) AND
    kcu.constraint_schema = rc.constraint_schema AND
    kcu.constraint_name = rc.constraint_name
WHERE rc.constraint_schema = database() AND kcu.table_schema = database()
AND rc.table_name = 'user' AND kcu.table_name = 'user'
    in /Users/zhanghongbo/develop/yii2-admin/common/models/User.php:72
2019-03-14 09:33:01 [127.0.0.1][-][-][info][yii\db\Command::query] SELECT * FROM `user` WHERE (`access_token`='02818451399b5cde5f3c05bd00e72aab') AND (`status`=0)
    in /Users/zhanghongbo/develop/yii2-admin/common/models/User.php:72
2019-03-14 09:33:01 [127.0.0.1][-][-][info][application] $_GET = [
    'XDEBUG_SESSION_START' => '1'
]

$_POST = []

$_FILES = []

$_COOKIE = [
    'XDEBUG_SESSION' => '1'
]

$_SERVER = [
    'USER' => 'zhanghongbo'
    'HOME' => '/Users/zhanghongbo'
    'HTTP_CONNECTION' => 'keep-alive'
    'HTTP_ACCEPT_ENCODING' => 'gzip, deflate'
    'HTTP_COOKIE' => 'XDEBUG_SESSION=1'
    'HTTP_HOST' => 'yii2api.local.alwooo.com'
    'HTTP_ACCEPT' => '*/*'
    'HTTP_USER_AGENT' => 'PostmanRuntime/7.4.0'
    'HTTP_AUTHORIZATION' => '***'
    'HTTP_POSTMAN_TOKEN' => '5c4378ff-bd07-4f5b-9a77-a024e052d891'
    'HTTP_CACHE_CONTROL' => 'no-cache'
    'SCRIPT_FILENAME' => '/Users/zhanghongbo/develop/yii2-admin/api/web/index.php'
    'REDIRECT_STATUS' => '200'
    'SERVER_NAME' => 'yii2api.local.alwooo.com'
    'SERVER_PORT' => '80'
    'SERVER_ADDR' => '127.0.0.1'
    'REMOTE_PORT' => '55462'
    'REMOTE_ADDR' => '127.0.0.1'
    'SERVER_SOFTWARE' => 'nginx/1.14.0'
    'GATEWAY_INTERFACE' => 'CGI/1.1'
    'REQUEST_SCHEME' => 'http'
    'SERVER_PROTOCOL' => 'HTTP/1.1'
    'DOCUMENT_ROOT' => '/Users/zhanghongbo/develop/yii2-admin/api/web'
    'DOCUMENT_URI' => '/index.php'
    'REQUEST_URI' => '/v1/index/index?XDEBUG_SESSION_START=1'
    'SCRIPT_NAME' => '/index.php'
    'CONTENT_LENGTH' => ''
    'CONTENT_TYPE' => ''
    'REQUEST_METHOD' => 'GET'
    'QUERY_STRING' => 'XDEBUG_SESSION_START=1'
    'FCGI_ROLE' => 'RESPONDER'
    'PHP_SELF' => '/index.php'
    'REQUEST_TIME_FLOAT' => 1552527181.2908
    'REQUEST_TIME' => 1552527181
]
2019-03-14 09:33:23 [127.0.0.1][-][-][info][yii\db\Command::query] SHOW FULL COLUMNS FROM `user`
    in /Users/zhanghongbo/develop/yii2-admin/common/models/User.php:72
2019-03-14 09:33:23 [127.0.0.1][-][-][info][yii\db\Connection::open] Opening DB connection: mysql:host=127.0.0.1;dbname=yii_admin;port=3306
    in /Users/zhanghongbo/develop/yii2-admin/common/models/User.php:72
2019-03-14 09:33:23 [127.0.0.1][-][-][info][yii\db\Command::query] SELECT
    kcu.constraint_name,
    kcu.column_name,
    kcu.referenced_table_name,
    kcu.referenced_column_name
FROM information_schema.referential_constraints AS rc
JOIN information_schema.key_column_usage AS kcu ON
    (
        kcu.constraint_catalog = rc.constraint_catalog OR
        (kcu.constraint_catalog IS NULL AND rc.constraint_catalog IS NULL)
    ) AND
    kcu.constraint_schema = rc.constraint_schema AND
    kcu.constraint_name = rc.constraint_name
WHERE rc.constraint_schema = database() AND kcu.table_schema = database()
AND rc.table_name = 'user' AND kcu.table_name = 'user'
    in /Users/zhanghongbo/develop/yii2-admin/common/models/User.php:72
2019-03-14 09:33:23 [127.0.0.1][-][-][info][yii\db\Command::query] SELECT * FROM `user` WHERE (`access_token`='02818451399b5cde5f3c05bd00e72aab') AND (`status`=0)
    in /Users/zhanghongbo/develop/yii2-admin/common/models/User.php:72
2019-03-14 09:33:23 [127.0.0.1][-][-][info][application] $_GET = [
    'XDEBUG_SESSION_START' => '1'
]

$_POST = []

$_FILES = []

$_COOKIE = [
    'XDEBUG_SESSION' => '1'
]

$_SERVER = [
    'USER' => 'zhanghongbo'
    'HOME' => '/Users/zhanghongbo'
    'HTTP_CONNECTION' => 'keep-alive'
    'HTTP_ACCEPT_ENCODING' => 'gzip, deflate'
    'HTTP_COOKIE' => 'XDEBUG_SESSION=1'
    'HTTP_HOST' => 'yii2api.local.alwooo.com'
    'HTTP_ACCEPT' => '*/*'
    'HTTP_USER_AGENT' => 'PostmanRuntime/7.4.0'
    'HTTP_AUTHORIZATION' => '***'
    'HTTP_POSTMAN_TOKEN' => '7c73fcd1-6869-4270-a3f3-2c61527bd3a7'
    'HTTP_CACHE_CONTROL' => 'no-cache'
    'SCRIPT_FILENAME' => '/Users/zhanghongbo/develop/yii2-admin/api/web/index.php'
    'REDIRECT_STATUS' => '200'
    'SERVER_NAME' => 'yii2api.local.alwooo.com'
    'SERVER_PORT' => '80'
    'SERVER_ADDR' => '127.0.0.1'
    'REMOTE_PORT' => '55462'
    'REMOTE_ADDR' => '127.0.0.1'
    'SERVER_SOFTWARE' => 'nginx/1.14.0'
    'GATEWAY_INTERFACE' => 'CGI/1.1'
    'REQUEST_SCHEME' => 'http'
    'SERVER_PROTOCOL' => 'HTTP/1.1'
    'DOCUMENT_ROOT' => '/Users/zhanghongbo/develop/yii2-admin/api/web'
    'DOCUMENT_URI' => '/index.php'
    'REQUEST_URI' => '/v1/index/index?XDEBUG_SESSION_START=1'
    'SCRIPT_NAME' => '/index.php'
    'CONTENT_LENGTH' => ''
    'CONTENT_TYPE' => ''
    'REQUEST_METHOD' => 'GET'
    'QUERY_STRING' => 'XDEBUG_SESSION_START=1'
    'FCGI_ROLE' => 'RESPONDER'
    'PHP_SELF' => '/index.php'
    'REQUEST_TIME_FLOAT' => 1552527203.1692
    'REQUEST_TIME' => 1552527203
]
2019-03-14 16:17:35 [127.0.0.1][-][-][info][yii\db\Command::query] SHOW FULL COLUMNS FROM `user`
    in /Users/zhanghongbo/develop/yii2-admin/common/models/User.php:72
2019-03-14 16:17:35 [127.0.0.1][-][-][info][yii\db\Connection::open] Opening DB connection: mysql:host=127.0.0.1;dbname=yii_admin;port=3306
    in /Users/zhanghongbo/develop/yii2-admin/common/models/User.php:72
2019-03-14 16:17:35 [127.0.0.1][-][-][info][yii\db\Command::query] SELECT
    kcu.constraint_name,
    kcu.column_name,
    kcu.referenced_table_name,
    kcu.referenced_column_name
FROM information_schema.referential_constraints AS rc
JOIN information_schema.key_column_usage AS kcu ON
    (
        kcu.constraint_catalog = rc.constraint_catalog OR
        (kcu.constraint_catalog IS NULL AND rc.constraint_catalog IS NULL)
    ) AND
    kcu.constraint_schema = rc.constraint_schema AND
    kcu.constraint_name = rc.constraint_name
WHERE rc.constraint_schema = database() AND kcu.table_schema = database()
AND rc.table_name = 'user' AND kcu.table_name = 'user'
    in /Users/zhanghongbo/develop/yii2-admin/common/models/User.php:72
2019-03-14 16:17:35 [127.0.0.1][-][-][info][yii\db\Command::query] SELECT * FROM `user` WHERE (`access_token`='02818451399b5cde5f3c05bd00e72aab1') AND (`status`=10)
    in /Users/zhanghongbo/develop/yii2-admin/common/models/User.php:72
2019-03-14 16:17:35 [127.0.0.1][-][-][info][application] $_GET = [
    'access-token' => '02818451399b5cde5f3c05bd00e72aab1'
]

$_POST = []

$_FILES = []

$_COOKIE = []

$_SERVER = [
    'USER' => 'zhanghongbo'
    'HOME' => '/Users/zhanghongbo'
    'HTTP_ACCEPT' => '*/*'
    'HTTP_HOST' => 'yii2api.local.alwooo.com'
    'SCRIPT_FILENAME' => '/Users/zhanghongbo/develop/yii2-admin/api/web/index.php'
    'REDIRECT_STATUS' => '200'
    'SERVER_NAME' => 'yii2api.local.alwooo.com'
    'SERVER_PORT' => '80'
    'SERVER_ADDR' => '127.0.0.1'
    'REMOTE_PORT' => '50898'
    'REMOTE_ADDR' => '127.0.0.1'
    'SERVER_SOFTWARE' => 'nginx/1.14.0'
    'GATEWAY_INTERFACE' => 'CGI/1.1'
    'REQUEST_SCHEME' => 'http'
    'SERVER_PROTOCOL' => 'HTTP/1.1'
    'DOCUMENT_ROOT' => '/Users/zhanghongbo/develop/yii2-admin/api/web'
    'DOCUMENT_URI' => '/index.php'
    'REQUEST_URI' => '/v2/index/index?access-token=02818451399b5cde5f3c05bd00e72aab1'
    'SCRIPT_NAME' => '/index.php'
    'CONTENT_LENGTH' => ''
    'CONTENT_TYPE' => ''
    'REQUEST_METHOD' => 'GET'
    'QUERY_STRING' => 'access-token=02818451399b5cde5f3c05bd00e72aab1'
    'FCGI_ROLE' => 'RESPONDER'
    'PHP_SELF' => '/index.php'
    'REQUEST_TIME_FLOAT' => 1552551455.4825
    'REQUEST_TIME' => 1552551455
]
